[2024-12-10 19:54:01] production.ERROR: The "--columns" option does not exist. {"exception":"[object] (Symfony\\Component\\Console\\Exception\\RuntimeException(code: 0): The \"--columns\" option does not exist. at C:\\Users\\dhruba\\Desktop\\Projects\\QuizWebsite\\vendor\\symfony\\console\\Input\\ArgvInput.php:220)
[stacktrace]
#0 C:\\Users\\dhruba\\Desktop\\Projects\\QuizWebsite\\vendor\\symfony\\console\\Input\\ArgvInput.php(147): Symfony\\Component\\Console\\Input\\ArgvInput->addLongOption('columns', 'uri,name,action...')
#1 C:\\Users\\dhruba\\Desktop\\Projects\\QuizWebsite\\vendor\\symfony\\console\\Input\\ArgvInput.php(82): Symfony\\Component\\Console\\Input\\ArgvInput->parseLongOption('--columns=uri,n...')
#2 C:\\Users\\dhruba\\Desktop\\Projects\\QuizWebsite\\vendor\\symfony\\console\\Input\\ArgvInput.php(71): Symfony\\Component\\Console\\Input\\ArgvInput->parseToken('--columns=uri,n...', true)
#3 C:\\Users\\dhruba\\Desktop\\Projects\\QuizWebsite\\vendor\\symfony\\console\\Input\\Input.php(53): Symfony\\Component\\Console\\Input\\ArgvInput->parse()
#4 C:\\Users\\dhruba\\Desktop\\Projects\\QuizWebsite\\vendor\\symfony\\console\\Command\\Command.php(238): Symfony\\Component\\Console\\Input\\Input->bind(Object(Symfony\\Component\\Console\\Input\\InputDefinition))
#5 C:\\Users\\dhruba\\Desktop\\Projects\\QuizWebsite\\vendor\\laravel\\framework\\src\\Illuminate\\Console\\Command.php(182): Symfony\\Component\\Console\\Command\\Command->run(Object(Symfony\\Component\\Console\\Input\\ArgvInput), Object(Illuminate\\Console\\OutputStyle))
#6 C:\\Users\\dhruba\\Desktop\\Projects\\QuizWebsite\\vendor\\symfony\\console\\Application.php(1047): Illuminate\\Console\\Command->run(Object(Symfony\\Component\\Console\\Input\\ArgvInput), Object(Symfony\\Component\\Console\\Output\\ConsoleOutput))
#7 C:\\Users\\dhruba\\Desktop\\Projects\\QuizWebsite\\vendor\\symfony\\console\\Application.php(316): Symfony\\Component\\Console\\Application->doRunCommand(Object(Illuminate\\Foundation\\Console\\RouteListCommand), Object(Symfony\\Component\\Console\\Input\\ArgvInput), Object(Symfony\\Component\\Console\\Output\\ConsoleOutput))
#8 C:\\Users\\dhruba\\Desktop\\Projects\\QuizWebsite\\vendor\\symfony\\console\\Application.php(167): Symfony\\Component\\Console\\Application->doRun(Object(Symfony\\Component\\Console\\Input\\ArgvInput), Object(Symfony\\Component\\Console\\Output\\ConsoleOutput))
#9 C:\\Users\\dhruba\\Desktop\\Projects\\QuizWebsite\\vendor\\laravel\\framework\\src\\Illuminate\\Foundation\\Console\\Kernel.php(197): Symfony\\Component\\Console\\Application->run(Object(Symfony\\Component\\Console\\Input\\ArgvInput), Object(Symfony\\Component\\Console\\Output\\ConsoleOutput))
#10 C:\\Users\\dhruba\\Desktop\\Projects\\QuizWebsite\\vendor\\laravel\\framework\\src\\Illuminate\\Foundation\\Application.php(1205): Illuminate\\Foundation\\Console\\Kernel->handle(Object(Symfony\\Component\\Console\\Input\\ArgvInput), Object(Symfony\\Component\\Console\\Output\\ConsoleOutput))
#11 C:\\Users\\dhruba\\Desktop\\Projects\\QuizWebsite\\artisan(13): Illuminate\\Foundation\\Application->handleCommand(Object(Symfony\\Component\\Console\\Input\\ArgvInput))
#12 {main}
"} 
[2024-12-10 19:54:05] production.ERROR: The "--columns" option does not exist. {"exception":"[object] (Symfony\\Component\\Console\\Exception\\RuntimeException(code: 0): The \"--columns\" option does not exist. at C:\\Users\\dhruba\\Desktop\\Projects\\QuizWebsite\\vendor\\symfony\\console\\Input\\ArgvInput.php:220)
[stacktrace]
#0 C:\\Users\\dhruba\\Desktop\\Projects\\QuizWebsite\\vendor\\symfony\\console\\Input\\ArgvInput.php(147): Symfony\\Component\\Console\\Input\\ArgvInput->addLongOption('columns', 'uri,name,action...')
#1 C:\\Users\\dhruba\\Desktop\\Projects\\QuizWebsite\\vendor\\symfony\\console\\Input\\ArgvInput.php(82): Symfony\\Component\\Console\\Input\\ArgvInput->parseLongOption('--columns=uri,n...')
#2 C:\\Users\\dhruba\\Desktop\\Projects\\QuizWebsite\\vendor\\symfony\\console\\Input\\ArgvInput.php(71): Symfony\\Component\\Console\\Input\\ArgvInput->parseToken('--columns=uri,n...', true)
#3 C:\\Users\\dhruba\\Desktop\\Projects\\QuizWebsite\\vendor\\symfony\\console\\Input\\Input.php(53): Symfony\\Component\\Console\\Input\\ArgvInput->parse()
#4 C:\\Users\\dhruba\\Desktop\\Projects\\QuizWebsite\\vendor\\symfony\\console\\Command\\Command.php(238): Symfony\\Component\\Console\\Input\\Input->bind(Object(Symfony\\Component\\Console\\Input\\InputDefinition))
#5 C:\\Users\\dhruba\\Desktop\\Projects\\QuizWebsite\\vendor\\laravel\\framework\\src\\Illuminate\\Console\\Command.php(182): Symfony\\Component\\Console\\Command\\Command->run(Object(Symfony\\Component\\Console\\Input\\ArgvInput), Object(Illuminate\\Console\\OutputStyle))
#6 C:\\Users\\dhruba\\Desktop\\Projects\\QuizWebsite\\vendor\\symfony\\console\\Application.php(1047): Illuminate\\Console\\Command->run(Object(Symfony\\Component\\Console\\Input\\ArgvInput), Object(Symfony\\Component\\Console\\Output\\ConsoleOutput))
#7 C:\\Users\\dhruba\\Desktop\\Projects\\QuizWebsite\\vendor\\symfony\\console\\Application.php(316): Symfony\\Component\\Console\\Application->doRunCommand(Object(Illuminate\\Foundation\\Console\\RouteListCommand), Object(Symfony\\Component\\Console\\Input\\ArgvInput), Object(Symfony\\Component\\Console\\Output\\ConsoleOutput))
#8 C:\\Users\\dhruba\\Desktop\\Projects\\QuizWebsite\\vendor\\symfony\\console\\Application.php(167): Symfony\\Component\\Console\\Application->doRun(Object(Symfony\\Component\\Console\\Input\\ArgvInput), Object(Symfony\\Component\\Console\\Output\\ConsoleOutput))
#9 C:\\Users\\dhruba\\Desktop\\Projects\\QuizWebsite\\vendor\\laravel\\framework\\src\\Illuminate\\Foundation\\Console\\Kernel.php(197): Symfony\\Component\\Console\\Application->run(Object(Symfony\\Component\\Console\\Input\\ArgvInput), Object(Symfony\\Component\\Console\\Output\\ConsoleOutput))
#10 C:\\Users\\dhruba\\Desktop\\Projects\\QuizWebsite\\vendor\\laravel\\framework\\src\\Illuminate\\Foundation\\Application.php(1205): Illuminate\\Foundation\\Console\\Kernel->handle(Object(Symfony\\Component\\Console\\Input\\ArgvInput), Object(Symfony\\Component\\Console\\Output\\ConsoleOutput))
#11 C:\\Users\\dhruba\\Desktop\\Projects\\QuizWebsite\\artisan(13): Illuminate\\Foundation\\Application->handleCommand(Object(Symfony\\Component\\Console\\Input\\ArgvInput))
#12 {main}
"} 
[2024-12-10 19:54:07] production.ERROR: The "--columns" option does not exist. {"exception":"[object] (Symfony\\Component\\Console\\Exception\\RuntimeException(code: 0): The \"--columns\" option does not exist. at C:\\Users\\dhruba\\Desktop\\Projects\\QuizWebsite\\vendor\\symfony\\console\\Input\\ArgvInput.php:220)
[stacktrace]
#0 C:\\Users\\dhruba\\Desktop\\Projects\\QuizWebsite\\vendor\\symfony\\console\\Input\\ArgvInput.php(147): Symfony\\Component\\Console\\Input\\ArgvInput->addLongOption('columns', 'uri,name,action...')
#1 C:\\Users\\dhruba\\Desktop\\Projects\\QuizWebsite\\vendor\\symfony\\console\\Input\\ArgvInput.php(82): Symfony\\Component\\Console\\Input\\ArgvInput->parseLongOption('--columns=uri,n...')
#2 C:\\Users\\dhruba\\Desktop\\Projects\\QuizWebsite\\vendor\\symfony\\console\\Input\\ArgvInput.php(71): Symfony\\Component\\Console\\Input\\ArgvInput->parseToken('--columns=uri,n...', true)
#3 C:\\Users\\dhruba\\Desktop\\Projects\\QuizWebsite\\vendor\\symfony\\console\\Input\\Input.php(53): Symfony\\Component\\Console\\Input\\ArgvInput->parse()
#4 C:\\Users\\dhruba\\Desktop\\Projects\\QuizWebsite\\vendor\\symfony\\console\\Command\\Command.php(238): Symfony\\Component\\Console\\Input\\Input->bind(Object(Symfony\\Component\\Console\\Input\\InputDefinition))
#5 C:\\Users\\dhruba\\Desktop\\Projects\\QuizWebsite\\vendor\\laravel\\framework\\src\\Illuminate\\Console\\Command.php(182): Symfony\\Component\\Console\\Command\\Command->run(Object(Symfony\\Component\\Console\\Input\\ArgvInput), Object(Illuminate\\Console\\OutputStyle))
#6 C:\\Users\\dhruba\\Desktop\\Projects\\QuizWebsite\\vendor\\symfony\\console\\Application.php(1047): Illuminate\\Console\\Command->run(Object(Symfony\\Component\\Console\\Input\\ArgvInput), Object(Symfony\\Component\\Console\\Output\\ConsoleOutput))
#7 C:\\Users\\dhruba\\Desktop\\Projects\\QuizWebsite\\vendor\\symfony\\console\\Application.php(316): Symfony\\Component\\Console\\Application->doRunCommand(Object(Illuminate\\Foundation\\Console\\RouteListCommand), Object(Symfony\\Component\\Console\\Input\\ArgvInput), Object(Symfony\\Component\\Console\\Output\\ConsoleOutput))
#8 C:\\Users\\dhruba\\Desktop\\Projects\\QuizWebsite\\vendor\\symfony\\console\\Application.php(167): Symfony\\Component\\Console\\Application->doRun(Object(Symfony\\Component\\Console\\Input\\ArgvInput), Object(Symfony\\Component\\Console\\Output\\ConsoleOutput))
#9 C:\\Users\\dhruba\\Desktop\\Projects\\QuizWebsite\\vendor\\laravel\\framework\\src\\Illuminate\\Foundation\\Console\\Kernel.php(197): Symfony\\Component\\Console\\Application->run(Object(Symfony\\Component\\Console\\Input\\ArgvInput), Object(Symfony\\Component\\Console\\Output\\ConsoleOutput))
#10 C:\\Users\\dhruba\\Desktop\\Projects\\QuizWebsite\\vendor\\laravel\\framework\\src\\Illuminate\\Foundation\\Application.php(1205): Illuminate\\Foundation\\Console\\Kernel->handle(Object(Symfony\\Component\\Console\\Input\\ArgvInput), Object(Symfony\\Component\\Console\\Output\\ConsoleOutput))
#11 C:\\Users\\dhruba\\Desktop\\Projects\\QuizWebsite\\artisan(13): Illuminate\\Foundation\\Application->handleCommand(Object(Symfony\\Component\\Console\\Input\\ArgvInput))
#12 {main}
"} 
[2025-07-13 06:06:21] local.ERROR: Class "Livewire\Livewire" not found {"exception":"[object] (Error(code: 0): Class \"Livewire\\Livewire\" not found at C:\\Users\\dhruba\\fresh\\QuizWebsite\\app\\Providers\\AppServiceProvider.php:24)
[stacktrace]
#0 C:\\Users\\dhruba\\fresh\\QuizWebsite\\vendor\\laravel\\framework\\src\\Illuminate\\Container\\BoundMethod.php(36): App\\Providers\\AppServiceProvider->boot()
#1 C:\\Users\\dhruba\\fresh\\QuizWebsite\\vendor\\laravel\\framework\\src\\Illuminate\\Container\\Util.php(43): Illuminate\\Container\\BoundMethod::Illuminate\\Container\\{closure}()
#2 C:\\Users\\dhruba\\fresh\\QuizWebsite\\vendor\\laravel\\framework\\src\\Illuminate\\Container\\BoundMethod.php(95): Illuminate\\Container\\Util::unwrapIfClosure(Object(Closure))
#3 C:\\Users\\dhruba\\fresh\\QuizWebsite\\vendor\\laravel\\framework\\src\\Illuminate\\Container\\BoundMethod.php(35): Illuminate\\Container\\BoundMethod::callBoundMethod(Object(Illuminate\\Foundation\\Application), Array, Object(Closure))
#4 C:\\Users\\dhruba\\fresh\\QuizWebsite\\vendor\\laravel\\framework\\src\\Illuminate\\Container\\Container.php(690): Illuminate\\Container\\BoundMethod::call(Object(Illuminate\\Foundation\\Application), Array, Array, NULL)
#5 C:\\Users\\dhruba\\fresh\\QuizWebsite\\vendor\\laravel\\framework\\src\\Illuminate\\Foundation\\Application.php(1121): Illuminate\\Container\\Container->call(Array)
#6 C:\\Users\\dhruba\\fresh\\QuizWebsite\\vendor\\laravel\\framework\\src\\Illuminate\\Foundation\\Application.php(1102): Illuminate\\Foundation\\Application->bootProvider(Object(App\\Providers\\AppServiceProvider))
#7 [internal function]: Illuminate\\Foundation\\Application->Illuminate\\Foundation\\{closure}(Object(App\\Providers\\AppServiceProvider), 'App\\\\Providers\\\\A...')
#8 C:\\Users\\dhruba\\fresh\\QuizWebsite\\vendor\\laravel\\framework\\src\\Illuminate\\Foundation\\Application.php(1101): array_walk(Array, Object(Closure))
#9 C:\\Users\\dhruba\\fresh\\QuizWebsite\\vendor\\laravel\\framework\\src\\Illuminate\\Foundation\\Bootstrap\\BootProviders.php(17): Illuminate\\Foundation\\Application->boot()
#10 C:\\Users\\dhruba\\fresh\\QuizWebsite\\vendor\\laravel\\framework\\src\\Illuminate\\Foundation\\Application.php(316): Illuminate\\Foundation\\Bootstrap\\BootProviders->bootstrap(Object(Illuminate\\Foundation\\Application))
#11 C:\\Users\\dhruba\\fresh\\QuizWebsite\\vendor\\laravel\\framework\\src\\Illuminate\\Foundation\\Console\\Kernel.php(473): Illuminate\\Foundation\\Application->bootstrapWith(Array)
#12 C:\\Users\\dhruba\\fresh\\QuizWebsite\\vendor\\laravel\\framework\\src\\Illuminate\\Foundation\\Console\\Kernel.php(195): Illuminate\\Foundation\\Console\\Kernel->bootstrap()
#13 C:\\Users\\dhruba\\fresh\\QuizWebsite\\vendor\\laravel\\framework\\src\\Illuminate\\Foundation\\Application.php(1205): Illuminate\\Foundation\\Console\\Kernel->handle(Object(Symfony\\Component\\Console\\Input\\ArgvInput), Object(Symfony\\Component\\Console\\Output\\ConsoleOutput))
#14 C:\\Users\\dhruba\\fresh\\QuizWebsite\\artisan(13): Illuminate\\Foundation\\Application->handleCommand(Object(Symfony\\Component\\Console\\Input\\ArgvInput))
#15 {main}
"} 
[2025-07-13 06:07:19] local.ERROR: Class "Livewire\Livewire" not found {"exception":"[object] (Error(code: 0): Class \"Livewire\\Livewire\" not found at C:\\Users\\dhruba\\fresh\\QuizWebsite\\app\\Providers\\AppServiceProvider.php:24)
[stacktrace]
#0 C:\\Users\\dhruba\\fresh\\QuizWebsite\\vendor\\laravel\\framework\\src\\Illuminate\\Container\\BoundMethod.php(36): App\\Providers\\AppServiceProvider->boot()
#1 C:\\Users\\dhruba\\fresh\\QuizWebsite\\vendor\\laravel\\framework\\src\\Illuminate\\Container\\Util.php(43): Illuminate\\Container\\BoundMethod::Illuminate\\Container\\{closure}()
#2 C:\\Users\\dhruba\\fresh\\QuizWebsite\\vendor\\laravel\\framework\\src\\Illuminate\\Container\\BoundMethod.php(95): Illuminate\\Container\\Util::unwrapIfClosure(Object(Closure))
#3 C:\\Users\\dhruba\\fresh\\QuizWebsite\\vendor\\laravel\\framework\\src\\Illuminate\\Container\\BoundMethod.php(35): Illuminate\\Container\\BoundMethod::callBoundMethod(Object(Illuminate\\Foundation\\Application), Array, Object(Closure))
#4 C:\\Users\\dhruba\\fresh\\QuizWebsite\\vendor\\laravel\\framework\\src\\Illuminate\\Container\\Container.php(690): Illuminate\\Container\\BoundMethod::call(Object(Illuminate\\Foundation\\Application), Array, Array, NULL)
#5 C:\\Users\\dhruba\\fresh\\QuizWebsite\\vendor\\laravel\\framework\\src\\Illuminate\\Foundation\\Application.php(1121): Illuminate\\Container\\Container->call(Array)
#6 C:\\Users\\dhruba\\fresh\\QuizWebsite\\vendor\\laravel\\framework\\src\\Illuminate\\Foundation\\Application.php(1102): Illuminate\\Foundation\\Application->bootProvider(Object(App\\Providers\\AppServiceProvider))
#7 [internal function]: Illuminate\\Foundation\\Application->Illuminate\\Foundation\\{closure}(Object(App\\Providers\\AppServiceProvider), 'App\\\\Providers\\\\A...')
#8 C:\\Users\\dhruba\\fresh\\QuizWebsite\\vendor\\laravel\\framework\\src\\Illuminate\\Foundation\\Application.php(1101): array_walk(Array, Object(Closure))
#9 C:\\Users\\dhruba\\fresh\\QuizWebsite\\vendor\\laravel\\framework\\src\\Illuminate\\Foundation\\Bootstrap\\BootProviders.php(17): Illuminate\\Foundation\\Application->boot()
#10 C:\\Users\\dhruba\\fresh\\QuizWebsite\\vendor\\laravel\\framework\\src\\Illuminate\\Foundation\\Application.php(316): Illuminate\\Foundation\\Bootstrap\\BootProviders->bootstrap(Object(Illuminate\\Foundation\\Application))
#11 C:\\Users\\dhruba\\fresh\\QuizWebsite\\vendor\\laravel\\framework\\src\\Illuminate\\Foundation\\Console\\Kernel.php(473): Illuminate\\Foundation\\Application->bootstrapWith(Array)
#12 C:\\Users\\dhruba\\fresh\\QuizWebsite\\vendor\\laravel\\framework\\src\\Illuminate\\Foundation\\Console\\Kernel.php(195): Illuminate\\Foundation\\Console\\Kernel->bootstrap()
#13 C:\\Users\\dhruba\\fresh\\QuizWebsite\\vendor\\laravel\\framework\\src\\Illuminate\\Foundation\\Application.php(1205): Illuminate\\Foundation\\Console\\Kernel->handle(Object(Symfony\\Component\\Console\\Input\\ArgvInput), Object(Symfony\\Component\\Console\\Output\\ConsoleOutput))
#14 C:\\Users\\dhruba\\fresh\\QuizWebsite\\artisan(13): Illuminate\\Foundation\\Application->handleCommand(Object(Symfony\\Component\\Console\\Input\\ArgvInput))
#15 {main}
"} 
[2025-07-13 06:07:48] local.ERROR: Class "Livewire\Livewire" not found {"exception":"[object] (Error(code: 0): Class \"Livewire\\Livewire\" not found at C:\\Users\\dhruba\\fresh\\QuizWebsite\\app\\Providers\\AppServiceProvider.php:24)
[stacktrace]
#0 C:\\Users\\dhruba\\fresh\\QuizWebsite\\vendor\\laravel\\framework\\src\\Illuminate\\Container\\BoundMethod.php(36): App\\Providers\\AppServiceProvider->boot()
#1 C:\\Users\\dhruba\\fresh\\QuizWebsite\\vendor\\laravel\\framework\\src\\Illuminate\\Container\\Util.php(43): Illuminate\\Container\\BoundMethod::Illuminate\\Container\\{closure}()
#2 C:\\Users\\dhruba\\fresh\\QuizWebsite\\vendor\\laravel\\framework\\src\\Illuminate\\Container\\BoundMethod.php(95): Illuminate\\Container\\Util::unwrapIfClosure(Object(Closure))
#3 C:\\Users\\dhruba\\fresh\\QuizWebsite\\vendor\\laravel\\framework\\src\\Illuminate\\Container\\BoundMethod.php(35): Illuminate\\Container\\BoundMethod::callBoundMethod(Object(Illuminate\\Foundation\\Application), Array, Object(Closure))
#4 C:\\Users\\dhruba\\fresh\\QuizWebsite\\vendor\\laravel\\framework\\src\\Illuminate\\Container\\Container.php(690): Illuminate\\Container\\BoundMethod::call(Object(Illuminate\\Foundation\\Application), Array, Array, NULL)
#5 C:\\Users\\dhruba\\fresh\\QuizWebsite\\vendor\\laravel\\framework\\src\\Illuminate\\Foundation\\Application.php(1121): Illuminate\\Container\\Container->call(Array)
#6 C:\\Users\\dhruba\\fresh\\QuizWebsite\\vendor\\laravel\\framework\\src\\Illuminate\\Foundation\\Application.php(1102): Illuminate\\Foundation\\Application->bootProvider(Object(App\\Providers\\AppServiceProvider))
#7 [internal function]: Illuminate\\Foundation\\Application->Illuminate\\Foundation\\{closure}(Object(App\\Providers\\AppServiceProvider), 'App\\\\Providers\\\\A...')
#8 C:\\Users\\dhruba\\fresh\\QuizWebsite\\vendor\\laravel\\framework\\src\\Illuminate\\Foundation\\Application.php(1101): array_walk(Array, Object(Closure))
#9 C:\\Users\\dhruba\\fresh\\QuizWebsite\\vendor\\laravel\\framework\\src\\Illuminate\\Foundation\\Bootstrap\\BootProviders.php(17): Illuminate\\Foundation\\Application->boot()
#10 C:\\Users\\dhruba\\fresh\\QuizWebsite\\vendor\\laravel\\framework\\src\\Illuminate\\Foundation\\Application.php(316): Illuminate\\Foundation\\Bootstrap\\BootProviders->bootstrap(Object(Illuminate\\Foundation\\Application))
#11 C:\\Users\\dhruba\\fresh\\QuizWebsite\\vendor\\laravel\\framework\\src\\Illuminate\\Foundation\\Console\\Kernel.php(473): Illuminate\\Foundation\\Application->bootstrapWith(Array)
#12 C:\\Users\\dhruba\\fresh\\QuizWebsite\\vendor\\laravel\\framework\\src\\Illuminate\\Foundation\\Console\\Kernel.php(195): Illuminate\\Foundation\\Console\\Kernel->bootstrap()
#13 C:\\Users\\dhruba\\fresh\\QuizWebsite\\vendor\\laravel\\framework\\src\\Illuminate\\Foundation\\Application.php(1205): Illuminate\\Foundation\\Console\\Kernel->handle(Object(Symfony\\Component\\Console\\Input\\ArgvInput), Object(Symfony\\Component\\Console\\Output\\ConsoleOutput))
#14 C:\\Users\\dhruba\\fresh\\QuizWebsite\\artisan(13): Illuminate\\Foundation\\Application->handleCommand(Object(Symfony\\Component\\Console\\Input\\ArgvInput))
#15 {main}
"} 
[2025-07-13 06:12:54] local.INFO: Broadcasting QuizStatusUpdated {"quizId":"1","start":"2025-07-13 06:12:54"} 
[2025-07-13 06:12:57] local.INFO: Student ID from session: 2007051  
[2025-07-18 07:56:12] production.ERROR: Database file at path [C:\Users\dhruba\Laravel\QuizWebsite\database\database.sqlite] does not exist. Ensure this is an absolute path to the database. (Connection: sqlite, SQL: select * from "cache" where "key" in (laravel_cache_laravel:reverb:restart)) {"exception":"[object] (Illuminate\\Database\\QueryException(code: 0): Database file at path [C:\\Users\\dhruba\\Laravel\\QuizWebsite\\database\\database.sqlite] does not exist. Ensure this is an absolute path to the database. (Connection: sqlite, SQL: select * from \"cache\" where \"key\" in (laravel_cache_laravel:reverb:restart)) at C:\\Users\\dhruba\\Laravel\\QuizWebsite\\vendor\\laravel\\framework\\src\\Illuminate\\Database\\Connection.php:825)
[stacktrace]
#0 C:\\Users\\dhruba\\Laravel\\QuizWebsite\\vendor\\laravel\\framework\\src\\Illuminate\\Database\\Connection.php(779): Illuminate\\Database\\Connection->runQueryCallback('select * from \"...', Array, Object(Closure))
#1 C:\\Users\\dhruba\\Laravel\\QuizWebsite\\vendor\\laravel\\framework\\src\\Illuminate\\Database\\Connection.php(398): Illuminate\\Database\\Connection->run('select * from \"...', Array, Object(Closure))
#2 C:\\Users\\dhruba\\Laravel\\QuizWebsite\\vendor\\laravel\\framework\\src\\Illuminate\\Database\\Query\\Builder.php(3132): Illuminate\\Database\\Connection->select('select * from \"...', Array, true)
#3 C:\\Users\\dhruba\\Laravel\\QuizWebsite\\vendor\\laravel\\framework\\src\\Illuminate\\Database\\Query\\Builder.php(3117): Illuminate\\Database\\Query\\Builder->runSelect()
#4 C:\\Users\\dhruba\\Laravel\\QuizWebsite\\vendor\\laravel\\framework\\src\\Illuminate\\Database\\Query\\Builder.php(3705): Illuminate\\Database\\Query\\Builder->Illuminate\\Database\\Query\\{closure}()
#5 C:\\Users\\dhruba\\Laravel\\QuizWebsite\\vendor\\laravel\\framework\\src\\Illuminate\\Database\\Query\\Builder.php(3116): Illuminate\\Database\\Query\\Builder->onceWithColumns(Array, Object(Closure))
#6 C:\\Users\\dhruba\\Laravel\\QuizWebsite\\vendor\\laravel\\framework\\src\\Illuminate\\Cache\\DatabaseStore.php(127): Illuminate\\Database\\Query\\Builder->get()
#7 C:\\Users\\dhruba\\Laravel\\QuizWebsite\\vendor\\laravel\\framework\\src\\Illuminate\\Cache\\DatabaseStore.php(102): Illuminate\\Cache\\DatabaseStore->many(Array)
#8 C:\\Users\\dhruba\\Laravel\\QuizWebsite\\vendor\\laravel\\framework\\src\\Illuminate\\Cache\\Repository.php(116): Illuminate\\Cache\\DatabaseStore->get('laravel:reverb:...')
#9 C:\\Users\\dhruba\\Laravel\\QuizWebsite\\vendor\\laravel\\framework\\src\\Illuminate\\Cache\\CacheManager.php(453): Illuminate\\Cache\\Repository->get('laravel:reverb:...')
#10 C:\\Users\\dhruba\\Laravel\\QuizWebsite\\vendor\\laravel\\framework\\src\\Illuminate\\Support\\Facades\\Facade.php(358): Illuminate\\Cache\\CacheManager->__call('get', Array)
#11 C:\\Users\\dhruba\\Laravel\\QuizWebsite\\vendor\\laravel\\reverb\\src\\Servers\\Reverb\\Console\\Commands\\StartServer.php(105): Illuminate\\Support\\Facades\\Facade::__callStatic('get', Array)
#12 C:\\Users\\dhruba\\Laravel\\QuizWebsite\\vendor\\laravel\\reverb\\src\\Servers\\Reverb\\Console\\Commands\\StartServer.php(70): Laravel\\Reverb\\Servers\\Reverb\\Console\\Commands\\StartServer->ensureRestartCommandIsRespected(Object(Laravel\\Reverb\\Servers\\Reverb\\Http\\Server), Object(React\\EventLoop\\StreamSelectLoop), '0.0.0.0', '8080')
#13 C:\\Users\\dhruba\\Laravel\\QuizWebsite\\vendor\\laravel\\framework\\src\\Illuminate\\Container\\BoundMethod.php(36): Laravel\\Reverb\\Servers\\Reverb\\Console\\Commands\\StartServer->handle()
#14 C:\\Users\\dhruba\\Laravel\\QuizWebsite\\vendor\\laravel\\framework\\src\\Illuminate\\Container\\Util.php(43): Illuminate\\Container\\BoundMethod::Illuminate\\Container\\{closure}()
#15 C:\\Users\\dhruba\\Laravel\\QuizWebsite\\vendor\\laravel\\framework\\src\\Illuminate\\Container\\BoundMethod.php(95): Illuminate\\Container\\Util::unwrapIfClosure(Object(Closure))
#16 C:\\Users\\dhruba\\Laravel\\QuizWebsite\\vendor\\laravel\\framework\\src\\Illuminate\\Container\\BoundMethod.php(35): Illuminate\\Container\\BoundMethod::callBoundMethod(Object(Illuminate\\Foundation\\Application), Array, Object(Closure))
#17 C:\\Users\\dhruba\\Laravel\\QuizWebsite\\vendor\\laravel\\framework\\src\\Illuminate\\Container\\Container.php(690): Illuminate\\Container\\BoundMethod::call(Object(Illuminate\\Foundation\\Application), Array, Array, NULL)
#18 C:\\Users\\dhruba\\Laravel\\QuizWebsite\\vendor\\laravel\\framework\\src\\Illuminate\\Console\\Command.php(213): Illuminate\\Container\\Container->call(Array)
#19 C:\\Users\\dhruba\\Laravel\\QuizWebsite\\vendor\\symfony\\console\\Command\\Command.php(279): Illuminate\\Console\\Command->execute(Object(Symfony\\Component\\Console\\Input\\ArgvInput), Object(Illuminate\\Console\\OutputStyle))
#20 C:\\Users\\dhruba\\Laravel\\QuizWebsite\\vendor\\laravel\\framework\\src\\Illuminate\\Console\\Command.php(182): Symfony\\Component\\Console\\Command\\Command->run(Object(Symfony\\Component\\Console\\Input\\ArgvInput), Object(Illuminate\\Console\\OutputStyle))
#21 C:\\Users\\dhruba\\Laravel\\QuizWebsite\\vendor\\symfony\\console\\Application.php(1047): Illuminate\\Console\\Command->run(Object(Symfony\\Component\\Console\\Input\\ArgvInput), Object(Symfony\\Component\\Console\\Output\\ConsoleOutput))
#22 C:\\Users\\dhruba\\Laravel\\QuizWebsite\\vendor\\symfony\\console\\Application.php(316): Symfony\\Component\\Console\\Application->doRunCommand(Object(Laravel\\Reverb\\Servers\\Reverb\\Console\\Commands\\StartServer), Object(Symfony\\Component\\Console\\Input\\ArgvInput), Object(Symfony\\Component\\Console\\Output\\ConsoleOutput))
#23 C:\\Users\\dhruba\\Laravel\\QuizWebsite\\vendor\\symfony\\console\\Application.php(167): Symfony\\Component\\Console\\Application->doRun(Object(Symfony\\Component\\Console\\Input\\ArgvInput), Object(Symfony\\Component\\Console\\Output\\ConsoleOutput))
#24 C:\\Users\\dhruba\\Laravel\\QuizWebsite\\vendor\\laravel\\framework\\src\\Illuminate\\Foundation\\Console\\Kernel.php(197): Symfony\\Component\\Console\\Application->run(Object(Symfony\\Component\\Console\\Input\\ArgvInput), Object(Symfony\\Component\\Console\\Output\\ConsoleOutput))
#25 C:\\Users\\dhruba\\Laravel\\QuizWebsite\\vendor\\laravel\\framework\\src\\Illuminate\\Foundation\\Application.php(1205): Illuminate\\Foundation\\Console\\Kernel->handle(Object(Symfony\\Component\\Console\\Input\\ArgvInput), Object(Symfony\\Component\\Console\\Output\\ConsoleOutput))
#26 C:\\Users\\dhruba\\Laravel\\QuizWebsite\\artisan(13): Illuminate\\Foundation\\Application->handleCommand(Object(Symfony\\Component\\Console\\Input\\ArgvInput))
#27 {main}

[previous exception] [object] (Illuminate\\Database\\SQLiteDatabaseDoesNotExistException(code: 0): Database file at path [C:\\Users\\dhruba\\Laravel\\QuizWebsite\\database\\database.sqlite] does not exist. Ensure this is an absolute path to the database. at C:\\Users\\dhruba\\Laravel\\QuizWebsite\\vendor\\laravel\\framework\\src\\Illuminate\\Database\\Connectors\\SQLiteConnector.php:34)
[stacktrace]
#0 C:\\Users\\dhruba\\Laravel\\QuizWebsite\\vendor\\laravel\\framework\\src\\Illuminate\\Database\\Connectors\\ConnectionFactory.php(224): Illuminate\\Database\\Connectors\\SQLiteConnector->connect(Array)
#1 [internal function]: Illuminate\\Database\\Connectors\\ConnectionFactory->Illuminate\\Database\\Connectors\\{closure}()
#2 C:\\Users\\dhruba\\Laravel\\QuizWebsite\\vendor\\laravel\\framework\\src\\Illuminate\\Database\\Connection.php(1231): call_user_func(Object(Closure))
#3 C:\\Users\\dhruba\\Laravel\\QuizWebsite\\vendor\\laravel\\framework\\src\\Illuminate\\Database\\Connection.php(1267): Illuminate\\Database\\Connection->getPdo()
#4 C:\\Users\\dhruba\\Laravel\\QuizWebsite\\vendor\\laravel\\framework\\src\\Illuminate\\Database\\Connection.php(512): Illuminate\\Database\\Connection->getReadPdo()
#5 C:\\Users\\dhruba\\Laravel\\QuizWebsite\\vendor\\laravel\\framework\\src\\Illuminate\\Database\\Connection.php(407): Illuminate\\Database\\Connection->getPdoForSelect(true)
#6 C:\\Users\\dhruba\\Laravel\\QuizWebsite\\vendor\\laravel\\framework\\src\\Illuminate\\Database\\Connection.php(812): Illuminate\\Database\\Connection->Illuminate\\Database\\{closure}('select * from \"...', Array)
#7 C:\\Users\\dhruba\\Laravel\\QuizWebsite\\vendor\\laravel\\framework\\src\\Illuminate\\Database\\Connection.php(779): Illuminate\\Database\\Connection->runQueryCallback('select * from \"...', Array, Object(Closure))
#8 C:\\Users\\dhruba\\Laravel\\QuizWebsite\\vendor\\laravel\\framework\\src\\Illuminate\\Database\\Connection.php(398): Illuminate\\Database\\Connection->run('select * from \"...', Array, Object(Closure))
#9 C:\\Users\\dhruba\\Laravel\\QuizWebsite\\vendor\\laravel\\framework\\src\\Illuminate\\Database\\Query\\Builder.php(3132): Illuminate\\Database\\Connection->select('select * from \"...', Array, true)
#10 C:\\Users\\dhruba\\Laravel\\QuizWebsite\\vendor\\laravel\\framework\\src\\Illuminate\\Database\\Query\\Builder.php(3117): Illuminate\\Database\\Query\\Builder->runSelect()
#11 C:\\Users\\dhruba\\Laravel\\QuizWebsite\\vendor\\laravel\\framework\\src\\Illuminate\\Database\\Query\\Builder.php(3705): Illuminate\\Database\\Query\\Builder->Illuminate\\Database\\Query\\{closure}()
#12 C:\\Users\\dhruba\\Laravel\\QuizWebsite\\vendor\\laravel\\framework\\src\\Illuminate\\Database\\Query\\Builder.php(3116): Illuminate\\Database\\Query\\Builder->onceWithColumns(Array, Object(Closure))
#13 C:\\Users\\dhruba\\Laravel\\QuizWebsite\\vendor\\laravel\\framework\\src\\Illuminate\\Cache\\DatabaseStore.php(127): Illuminate\\Database\\Query\\Builder->get()
#14 C:\\Users\\dhruba\\Laravel\\QuizWebsite\\vendor\\laravel\\framework\\src\\Illuminate\\Cache\\DatabaseStore.php(102): Illuminate\\Cache\\DatabaseStore->many(Array)
#15 C:\\Users\\dhruba\\Laravel\\QuizWebsite\\vendor\\laravel\\framework\\src\\Illuminate\\Cache\\Repository.php(116): Illuminate\\Cache\\DatabaseStore->get('laravel:reverb:...')
#16 C:\\Users\\dhruba\\Laravel\\QuizWebsite\\vendor\\laravel\\framework\\src\\Illuminate\\Cache\\CacheManager.php(453): Illuminate\\Cache\\Repository->get('laravel:reverb:...')
#17 C:\\Users\\dhruba\\Laravel\\QuizWebsite\\vendor\\laravel\\framework\\src\\Illuminate\\Support\\Facades\\Facade.php(358): Illuminate\\Cache\\CacheManager->__call('get', Array)
#18 C:\\Users\\dhruba\\Laravel\\QuizWebsite\\vendor\\laravel\\reverb\\src\\Servers\\Reverb\\Console\\Commands\\StartServer.php(105): Illuminate\\Support\\Facades\\Facade::__callStatic('get', Array)
#19 C:\\Users\\dhruba\\Laravel\\QuizWebsite\\vendor\\laravel\\reverb\\src\\Servers\\Reverb\\Console\\Commands\\StartServer.php(70): Laravel\\Reverb\\Servers\\Reverb\\Console\\Commands\\StartServer->ensureRestartCommandIsRespected(Object(Laravel\\Reverb\\Servers\\Reverb\\Http\\Server), Object(React\\EventLoop\\StreamSelectLoop), '0.0.0.0', '8080')
#20 C:\\Users\\dhruba\\Laravel\\QuizWebsite\\vendor\\laravel\\framework\\src\\Illuminate\\Container\\BoundMethod.php(36): Laravel\\Reverb\\Servers\\Reverb\\Console\\Commands\\StartServer->handle()
#21 C:\\Users\\dhruba\\Laravel\\QuizWebsite\\vendor\\laravel\\framework\\src\\Illuminate\\Container\\Util.php(43): Illuminate\\Container\\BoundMethod::Illuminate\\Container\\{closure}()
#22 C:\\Users\\dhruba\\Laravel\\QuizWebsite\\vendor\\laravel\\framework\\src\\Illuminate\\Container\\BoundMethod.php(95): Illuminate\\Container\\Util::unwrapIfClosure(Object(Closure))
#23 C:\\Users\\dhruba\\Laravel\\QuizWebsite\\vendor\\laravel\\framework\\src\\Illuminate\\Container\\BoundMethod.php(35): Illuminate\\Container\\BoundMethod::callBoundMethod(Object(Illuminate\\Foundation\\Application), Array, Object(Closure))
#24 C:\\Users\\dhruba\\Laravel\\QuizWebsite\\vendor\\laravel\\framework\\src\\Illuminate\\Container\\Container.php(690): Illuminate\\Container\\BoundMethod::call(Object(Illuminate\\Foundation\\Application), Array, Array, NULL)
#25 C:\\Users\\dhruba\\Laravel\\QuizWebsite\\vendor\\laravel\\framework\\src\\Illuminate\\Console\\Command.php(213): Illuminate\\Container\\Container->call(Array)
#26 C:\\Users\\dhruba\\Laravel\\QuizWebsite\\vendor\\symfony\\console\\Command\\Command.php(279): Illuminate\\Console\\Command->execute(Object(Symfony\\Component\\Console\\Input\\ArgvInput), Object(Illuminate\\Console\\OutputStyle))
#27 C:\\Users\\dhruba\\Laravel\\QuizWebsite\\vendor\\laravel\\framework\\src\\Illuminate\\Console\\Command.php(182): Symfony\\Component\\Console\\Command\\Command->run(Object(Symfony\\Component\\Console\\Input\\ArgvInput), Object(Illuminate\\Console\\OutputStyle))
#28 C:\\Users\\dhruba\\Laravel\\QuizWebsite\\vendor\\symfony\\console\\Application.php(1047): Illuminate\\Console\\Command->run(Object(Symfony\\Component\\Console\\Input\\ArgvInput), Object(Symfony\\Component\\Console\\Output\\ConsoleOutput))
#29 C:\\Users\\dhruba\\Laravel\\QuizWebsite\\vendor\\symfony\\console\\Application.php(316): Symfony\\Component\\Console\\Application->doRunCommand(Object(Laravel\\Reverb\\Servers\\Reverb\\Console\\Commands\\StartServer), Object(Symfony\\Component\\Console\\Input\\ArgvInput), Object(Symfony\\Component\\Console\\Output\\ConsoleOutput))
#30 C:\\Users\\dhruba\\Laravel\\QuizWebsite\\vendor\\symfony\\console\\Application.php(167): Symfony\\Component\\Console\\Application->doRun(Object(Symfony\\Component\\Console\\Input\\ArgvInput), Object(Symfony\\Component\\Console\\Output\\ConsoleOutput))
#31 C:\\Users\\dhruba\\Laravel\\QuizWebsite\\vendor\\laravel\\framework\\src\\Illuminate\\Foundation\\Console\\Kernel.php(197): Symfony\\Component\\Console\\Application->run(Object(Symfony\\Component\\Console\\Input\\ArgvInput), Object(Symfony\\Component\\Console\\Output\\ConsoleOutput))
#32 C:\\Users\\dhruba\\Laravel\\QuizWebsite\\vendor\\laravel\\framework\\src\\Illuminate\\Foundation\\Application.php(1205): Illuminate\\Foundation\\Console\\Kernel->handle(Object(Symfony\\Component\\Console\\Input\\ArgvInput), Object(Symfony\\Component\\Console\\Output\\ConsoleOutput))
#33 C:\\Users\\dhruba\\Laravel\\QuizWebsite\\artisan(13): Illuminate\\Foundation\\Application->handleCommand(Object(Symfony\\Component\\Console\\Input\\ArgvInput))
#34 {main}
"} 
[2025-07-18 07:56:48] production.ERROR: Database file at path [C:\Users\dhruba\Laravel\QuizWebsite\database\database.sqlite] does not exist. Ensure this is an absolute path to the database. (Connection: sqlite, SQL: select * from "cache" where "key" in (laravel_cache_laravel:reverb:restart)) {"exception":"[object] (Illuminate\\Database\\QueryException(code: 0): Database file at path [C:\\Users\\dhruba\\Laravel\\QuizWebsite\\database\\database.sqlite] does not exist. Ensure this is an absolute path to the database. (Connection: sqlite, SQL: select * from \"cache\" where \"key\" in (laravel_cache_laravel:reverb:restart)) at C:\\Users\\dhruba\\Laravel\\QuizWebsite\\vendor\\laravel\\framework\\src\\Illuminate\\Database\\Connection.php:825)
[stacktrace]
#0 C:\\Users\\dhruba\\Laravel\\QuizWebsite\\vendor\\laravel\\framework\\src\\Illuminate\\Database\\Connection.php(779): Illuminate\\Database\\Connection->runQueryCallback('select * from \"...', Array, Object(Closure))
#1 C:\\Users\\dhruba\\Laravel\\QuizWebsite\\vendor\\laravel\\framework\\src\\Illuminate\\Database\\Connection.php(398): Illuminate\\Database\\Connection->run('select * from \"...', Array, Object(Closure))
#2 C:\\Users\\dhruba\\Laravel\\QuizWebsite\\vendor\\laravel\\framework\\src\\Illuminate\\Database\\Query\\Builder.php(3132): Illuminate\\Database\\Connection->select('select * from \"...', Array, true)
#3 C:\\Users\\dhruba\\Laravel\\QuizWebsite\\vendor\\laravel\\framework\\src\\Illuminate\\Database\\Query\\Builder.php(3117): Illuminate\\Database\\Query\\Builder->runSelect()
#4 C:\\Users\\dhruba\\Laravel\\QuizWebsite\\vendor\\laravel\\framework\\src\\Illuminate\\Database\\Query\\Builder.php(3705): Illuminate\\Database\\Query\\Builder->Illuminate\\Database\\Query\\{closure}()
#5 C:\\Users\\dhruba\\Laravel\\QuizWebsite\\vendor\\laravel\\framework\\src\\Illuminate\\Database\\Query\\Builder.php(3116): Illuminate\\Database\\Query\\Builder->onceWithColumns(Array, Object(Closure))
#6 C:\\Users\\dhruba\\Laravel\\QuizWebsite\\vendor\\laravel\\framework\\src\\Illuminate\\Cache\\DatabaseStore.php(127): Illuminate\\Database\\Query\\Builder->get()
#7 C:\\Users\\dhruba\\Laravel\\QuizWebsite\\vendor\\laravel\\framework\\src\\Illuminate\\Cache\\DatabaseStore.php(102): Illuminate\\Cache\\DatabaseStore->many(Array)
#8 C:\\Users\\dhruba\\Laravel\\QuizWebsite\\vendor\\laravel\\framework\\src\\Illuminate\\Cache\\Repository.php(116): Illuminate\\Cache\\DatabaseStore->get('laravel:reverb:...')
#9 C:\\Users\\dhruba\\Laravel\\QuizWebsite\\vendor\\laravel\\framework\\src\\Illuminate\\Cache\\CacheManager.php(453): Illuminate\\Cache\\Repository->get('laravel:reverb:...')
#10 C:\\Users\\dhruba\\Laravel\\QuizWebsite\\vendor\\laravel\\framework\\src\\Illuminate\\Support\\Facades\\Facade.php(358): Illuminate\\Cache\\CacheManager->__call('get', Array)
#11 C:\\Users\\dhruba\\Laravel\\QuizWebsite\\vendor\\laravel\\reverb\\src\\Servers\\Reverb\\Console\\Commands\\StartServer.php(105): Illuminate\\Support\\Facades\\Facade::__callStatic('get', Array)
#12 C:\\Users\\dhruba\\Laravel\\QuizWebsite\\vendor\\laravel\\reverb\\src\\Servers\\Reverb\\Console\\Commands\\StartServer.php(70): Laravel\\Reverb\\Servers\\Reverb\\Console\\Commands\\StartServer->ensureRestartCommandIsRespected(Object(Laravel\\Reverb\\Servers\\Reverb\\Http\\Server), Object(React\\EventLoop\\StreamSelectLoop), '0.0.0.0', '8080')
#13 C:\\Users\\dhruba\\Laravel\\QuizWebsite\\vendor\\laravel\\framework\\src\\Illuminate\\Container\\BoundMethod.php(36): Laravel\\Reverb\\Servers\\Reverb\\Console\\Commands\\StartServer->handle()
#14 C:\\Users\\dhruba\\Laravel\\QuizWebsite\\vendor\\laravel\\framework\\src\\Illuminate\\Container\\Util.php(43): Illuminate\\Container\\BoundMethod::Illuminate\\Container\\{closure}()
#15 C:\\Users\\dhruba\\Laravel\\QuizWebsite\\vendor\\laravel\\framework\\src\\Illuminate\\Container\\BoundMethod.php(95): Illuminate\\Container\\Util::unwrapIfClosure(Object(Closure))
#16 C:\\Users\\dhruba\\Laravel\\QuizWebsite\\vendor\\laravel\\framework\\src\\Illuminate\\Container\\BoundMethod.php(35): Illuminate\\Container\\BoundMethod::callBoundMethod(Object(Illuminate\\Foundation\\Application), Array, Object(Closure))
#17 C:\\Users\\dhruba\\Laravel\\QuizWebsite\\vendor\\laravel\\framework\\src\\Illuminate\\Container\\Container.php(690): Illuminate\\Container\\BoundMethod::call(Object(Illuminate\\Foundation\\Application), Array, Array, NULL)
#18 C:\\Users\\dhruba\\Laravel\\QuizWebsite\\vendor\\laravel\\framework\\src\\Illuminate\\Console\\Command.php(213): Illuminate\\Container\\Container->call(Array)
#19 C:\\Users\\dhruba\\Laravel\\QuizWebsite\\vendor\\symfony\\console\\Command\\Command.php(279): Illuminate\\Console\\Command->execute(Object(Symfony\\Component\\Console\\Input\\ArgvInput), Object(Illuminate\\Console\\OutputStyle))
#20 C:\\Users\\dhruba\\Laravel\\QuizWebsite\\vendor\\laravel\\framework\\src\\Illuminate\\Console\\Command.php(182): Symfony\\Component\\Console\\Command\\Command->run(Object(Symfony\\Component\\Console\\Input\\ArgvInput), Object(Illuminate\\Console\\OutputStyle))
#21 C:\\Users\\dhruba\\Laravel\\QuizWebsite\\vendor\\symfony\\console\\Application.php(1047): Illuminate\\Console\\Command->run(Object(Symfony\\Component\\Console\\Input\\ArgvInput), Object(Symfony\\Component\\Console\\Output\\ConsoleOutput))
#22 C:\\Users\\dhruba\\Laravel\\QuizWebsite\\vendor\\symfony\\console\\Application.php(316): Symfony\\Component\\Console\\Application->doRunCommand(Object(Laravel\\Reverb\\Servers\\Reverb\\Console\\Commands\\StartServer), Object(Symfony\\Component\\Console\\Input\\ArgvInput), Object(Symfony\\Component\\Console\\Output\\ConsoleOutput))
#23 C:\\Users\\dhruba\\Laravel\\QuizWebsite\\vendor\\symfony\\console\\Application.php(167): Symfony\\Component\\Console\\Application->doRun(Object(Symfony\\Component\\Console\\Input\\ArgvInput), Object(Symfony\\Component\\Console\\Output\\ConsoleOutput))
#24 C:\\Users\\dhruba\\Laravel\\QuizWebsite\\vendor\\laravel\\framework\\src\\Illuminate\\Foundation\\Console\\Kernel.php(197): Symfony\\Component\\Console\\Application->run(Object(Symfony\\Component\\Console\\Input\\ArgvInput), Object(Symfony\\Component\\Console\\Output\\ConsoleOutput))
#25 C:\\Users\\dhruba\\Laravel\\QuizWebsite\\vendor\\laravel\\framework\\src\\Illuminate\\Foundation\\Application.php(1205): Illuminate\\Foundation\\Console\\Kernel->handle(Object(Symfony\\Component\\Console\\Input\\ArgvInput), Object(Symfony\\Component\\Console\\Output\\ConsoleOutput))
#26 C:\\Users\\dhruba\\Laravel\\QuizWebsite\\artisan(13): Illuminate\\Foundation\\Application->handleCommand(Object(Symfony\\Component\\Console\\Input\\ArgvInput))
#27 {main}

[previous exception] [object] (Illuminate\\Database\\SQLiteDatabaseDoesNotExistException(code: 0): Database file at path [C:\\Users\\dhruba\\Laravel\\QuizWebsite\\database\\database.sqlite] does not exist. Ensure this is an absolute path to the database. at C:\\Users\\dhruba\\Laravel\\QuizWebsite\\vendor\\laravel\\framework\\src\\Illuminate\\Database\\Connectors\\SQLiteConnector.php:34)
[stacktrace]
#0 C:\\Users\\dhruba\\Laravel\\QuizWebsite\\vendor\\laravel\\framework\\src\\Illuminate\\Database\\Connectors\\ConnectionFactory.php(224): Illuminate\\Database\\Connectors\\SQLiteConnector->connect(Array)
#1 [internal function]: Illuminate\\Database\\Connectors\\ConnectionFactory->Illuminate\\Database\\Connectors\\{closure}()
#2 C:\\Users\\dhruba\\Laravel\\QuizWebsite\\vendor\\laravel\\framework\\src\\Illuminate\\Database\\Connection.php(1231): call_user_func(Object(Closure))
#3 C:\\Users\\dhruba\\Laravel\\QuizWebsite\\vendor\\laravel\\framework\\src\\Illuminate\\Database\\Connection.php(1267): Illuminate\\Database\\Connection->getPdo()
#4 C:\\Users\\dhruba\\Laravel\\QuizWebsite\\vendor\\laravel\\framework\\src\\Illuminate\\Database\\Connection.php(512): Illuminate\\Database\\Connection->getReadPdo()
#5 C:\\Users\\dhruba\\Laravel\\QuizWebsite\\vendor\\laravel\\framework\\src\\Illuminate\\Database\\Connection.php(407): Illuminate\\Database\\Connection->getPdoForSelect(true)
#6 C:\\Users\\dhruba\\Laravel\\QuizWebsite\\vendor\\laravel\\framework\\src\\Illuminate\\Database\\Connection.php(812): Illuminate\\Database\\Connection->Illuminate\\Database\\{closure}('select * from \"...', Array)
#7 C:\\Users\\dhruba\\Laravel\\QuizWebsite\\vendor\\laravel\\framework\\src\\Illuminate\\Database\\Connection.php(779): Illuminate\\Database\\Connection->runQueryCallback('select * from \"...', Array, Object(Closure))
#8 C:\\Users\\dhruba\\Laravel\\QuizWebsite\\vendor\\laravel\\framework\\src\\Illuminate\\Database\\Connection.php(398): Illuminate\\Database\\Connection->run('select * from \"...', Array, Object(Closure))
#9 C:\\Users\\dhruba\\Laravel\\QuizWebsite\\vendor\\laravel\\framework\\src\\Illuminate\\Database\\Query\\Builder.php(3132): Illuminate\\Database\\Connection->select('select * from \"...', Array, true)
#10 C:\\Users\\dhruba\\Laravel\\QuizWebsite\\vendor\\laravel\\framework\\src\\Illuminate\\Database\\Query\\Builder.php(3117): Illuminate\\Database\\Query\\Builder->runSelect()
#11 C:\\Users\\dhruba\\Laravel\\QuizWebsite\\vendor\\laravel\\framework\\src\\Illuminate\\Database\\Query\\Builder.php(3705): Illuminate\\Database\\Query\\Builder->Illuminate\\Database\\Query\\{closure}()
#12 C:\\Users\\dhruba\\Laravel\\QuizWebsite\\vendor\\laravel\\framework\\src\\Illuminate\\Database\\Query\\Builder.php(3116): Illuminate\\Database\\Query\\Builder->onceWithColumns(Array, Object(Closure))
#13 C:\\Users\\dhruba\\Laravel\\QuizWebsite\\vendor\\laravel\\framework\\src\\Illuminate\\Cache\\DatabaseStore.php(127): Illuminate\\Database\\Query\\Builder->get()
#14 C:\\Users\\dhruba\\Laravel\\QuizWebsite\\vendor\\laravel\\framework\\src\\Illuminate\\Cache\\DatabaseStore.php(102): Illuminate\\Cache\\DatabaseStore->many(Array)
#15 C:\\Users\\dhruba\\Laravel\\QuizWebsite\\vendor\\laravel\\framework\\src\\Illuminate\\Cache\\Repository.php(116): Illuminate\\Cache\\DatabaseStore->get('laravel:reverb:...')
#16 C:\\Users\\dhruba\\Laravel\\QuizWebsite\\vendor\\laravel\\framework\\src\\Illuminate\\Cache\\CacheManager.php(453): Illuminate\\Cache\\Repository->get('laravel:reverb:...')
#17 C:\\Users\\dhruba\\Laravel\\QuizWebsite\\vendor\\laravel\\framework\\src\\Illuminate\\Support\\Facades\\Facade.php(358): Illuminate\\Cache\\CacheManager->__call('get', Array)
#18 C:\\Users\\dhruba\\Laravel\\QuizWebsite\\vendor\\laravel\\reverb\\src\\Servers\\Reverb\\Console\\Commands\\StartServer.php(105): Illuminate\\Support\\Facades\\Facade::__callStatic('get', Array)
#19 C:\\Users\\dhruba\\Laravel\\QuizWebsite\\vendor\\laravel\\reverb\\src\\Servers\\Reverb\\Console\\Commands\\StartServer.php(70): Laravel\\Reverb\\Servers\\Reverb\\Console\\Commands\\StartServer->ensureRestartCommandIsRespected(Object(Laravel\\Reverb\\Servers\\Reverb\\Http\\Server), Object(React\\EventLoop\\StreamSelectLoop), '0.0.0.0', '8080')
#20 C:\\Users\\dhruba\\Laravel\\QuizWebsite\\vendor\\laravel\\framework\\src\\Illuminate\\Container\\BoundMethod.php(36): Laravel\\Reverb\\Servers\\Reverb\\Console\\Commands\\StartServer->handle()
#21 C:\\Users\\dhruba\\Laravel\\QuizWebsite\\vendor\\laravel\\framework\\src\\Illuminate\\Container\\Util.php(43): Illuminate\\Container\\BoundMethod::Illuminate\\Container\\{closure}()
#22 C:\\Users\\dhruba\\Laravel\\QuizWebsite\\vendor\\laravel\\framework\\src\\Illuminate\\Container\\BoundMethod.php(95): Illuminate\\Container\\Util::unwrapIfClosure(Object(Closure))
#23 C:\\Users\\dhruba\\Laravel\\QuizWebsite\\vendor\\laravel\\framework\\src\\Illuminate\\Container\\BoundMethod.php(35): Illuminate\\Container\\BoundMethod::callBoundMethod(Object(Illuminate\\Foundation\\Application), Array, Object(Closure))
#24 C:\\Users\\dhruba\\Laravel\\QuizWebsite\\vendor\\laravel\\framework\\src\\Illuminate\\Container\\Container.php(690): Illuminate\\Container\\BoundMethod::call(Object(Illuminate\\Foundation\\Application), Array, Array, NULL)
#25 C:\\Users\\dhruba\\Laravel\\QuizWebsite\\vendor\\laravel\\framework\\src\\Illuminate\\Console\\Command.php(213): Illuminate\\Container\\Container->call(Array)
#26 C:\\Users\\dhruba\\Laravel\\QuizWebsite\\vendor\\symfony\\console\\Command\\Command.php(279): Illuminate\\Console\\Command->execute(Object(Symfony\\Component\\Console\\Input\\ArgvInput), Object(Illuminate\\Console\\OutputStyle))
#27 C:\\Users\\dhruba\\Laravel\\QuizWebsite\\vendor\\laravel\\framework\\src\\Illuminate\\Console\\Command.php(182): Symfony\\Component\\Console\\Command\\Command->run(Object(Symfony\\Component\\Console\\Input\\ArgvInput), Object(Illuminate\\Console\\OutputStyle))
#28 C:\\Users\\dhruba\\Laravel\\QuizWebsite\\vendor\\symfony\\console\\Application.php(1047): Illuminate\\Console\\Command->run(Object(Symfony\\Component\\Console\\Input\\ArgvInput), Object(Symfony\\Component\\Console\\Output\\ConsoleOutput))
#29 C:\\Users\\dhruba\\Laravel\\QuizWebsite\\vendor\\symfony\\console\\Application.php(316): Symfony\\Component\\Console\\Application->doRunCommand(Object(Laravel\\Reverb\\Servers\\Reverb\\Console\\Commands\\StartServer), Object(Symfony\\Component\\Console\\Input\\ArgvInput), Object(Symfony\\Component\\Console\\Output\\ConsoleOutput))
#30 C:\\Users\\dhruba\\Laravel\\QuizWebsite\\vendor\\symfony\\console\\Application.php(167): Symfony\\Component\\Console\\Application->doRun(Object(Symfony\\Component\\Console\\Input\\ArgvInput), Object(Symfony\\Component\\Console\\Output\\ConsoleOutput))
#31 C:\\Users\\dhruba\\Laravel\\QuizWebsite\\vendor\\laravel\\framework\\src\\Illuminate\\Foundation\\Console\\Kernel.php(197): Symfony\\Component\\Console\\Application->run(Object(Symfony\\Component\\Console\\Input\\ArgvInput), Object(Symfony\\Component\\Console\\Output\\ConsoleOutput))
#32 C:\\Users\\dhruba\\Laravel\\QuizWebsite\\vendor\\laravel\\framework\\src\\Illuminate\\Foundation\\Application.php(1205): Illuminate\\Foundation\\Console\\Kernel->handle(Object(Symfony\\Component\\Console\\Input\\ArgvInput), Object(Symfony\\Component\\Console\\Output\\ConsoleOutput))
#33 C:\\Users\\dhruba\\Laravel\\QuizWebsite\\artisan(13): Illuminate\\Foundation\\Application->handleCommand(Object(Symfony\\Component\\Console\\Input\\ArgvInput))
#34 {main}
"} 
[2025-07-18 08:04:02] local.ERROR: SQLSTATE[HY000] [2002] No connection could be made because the target machine actively refused it (Connection: mysql, SQL: select * from `cache` where `key` in (laravel:reverb:restart)) {"exception":"[object] (Illuminate\\Database\\QueryException(code: 2002): SQLSTATE[HY000] [2002] No connection could be made because the target machine actively refused it (Connection: mysql, SQL: select * from `cache` where `key` in (laravel:reverb:restart)) at C:\\Users\\dhruba\\Laravel\\QuizWebsite\\vendor\\laravel\\framework\\src\\Illuminate\\Database\\Connection.php:825)
[stacktrace]
#0 C:\\Users\\dhruba\\Laravel\\QuizWebsite\\vendor\\laravel\\framework\\src\\Illuminate\\Database\\Connection.php(979): Illuminate\\Database\\Connection->runQueryCallback('select * from `...', Array, Object(Closure))
#1 C:\\Users\\dhruba\\Laravel\\QuizWebsite\\vendor\\laravel\\framework\\src\\Illuminate\\Database\\Connection.php(958): Illuminate\\Database\\Connection->tryAgainIfCausedByLostConnection(Object(Illuminate\\Database\\QueryException), 'select * from `...', Array, Object(Closure))
#2 C:\\Users\\dhruba\\Laravel\\QuizWebsite\\vendor\\laravel\\framework\\src\\Illuminate\\Database\\Connection.php(781): Illuminate\\Database\\Connection->handleQueryException(Object(Illuminate\\Database\\QueryException), 'select * from `...', Array, Object(Closure))
#3 C:\\Users\\dhruba\\Laravel\\QuizWebsite\\vendor\\laravel\\framework\\src\\Illuminate\\Database\\Connection.php(398): Illuminate\\Database\\Connection->run('select * from `...', Array, Object(Closure))
#4 C:\\Users\\dhruba\\Laravel\\QuizWebsite\\vendor\\laravel\\framework\\src\\Illuminate\\Database\\Query\\Builder.php(3132): Illuminate\\Database\\Connection->select('select * from `...', Array, true)
#5 C:\\Users\\dhruba\\Laravel\\QuizWebsite\\vendor\\laravel\\framework\\src\\Illuminate\\Database\\Query\\Builder.php(3117): Illuminate\\Database\\Query\\Builder->runSelect()
#6 C:\\Users\\dhruba\\Laravel\\QuizWebsite\\vendor\\laravel\\framework\\src\\Illuminate\\Database\\Query\\Builder.php(3705): Illuminate\\Database\\Query\\Builder->Illuminate\\Database\\Query\\{closure}()
#7 C:\\Users\\dhruba\\Laravel\\QuizWebsite\\vendor\\laravel\\framework\\src\\Illuminate\\Database\\Query\\Builder.php(3116): Illuminate\\Database\\Query\\Builder->onceWithColumns(Array, Object(Closure))
#8 C:\\Users\\dhruba\\Laravel\\QuizWebsite\\vendor\\laravel\\framework\\src\\Illuminate\\Cache\\DatabaseStore.php(127): Illuminate\\Database\\Query\\Builder->get()
#9 C:\\Users\\dhruba\\Laravel\\QuizWebsite\\vendor\\laravel\\framework\\src\\Illuminate\\Cache\\DatabaseStore.php(102): Illuminate\\Cache\\DatabaseStore->many(Array)
#10 C:\\Users\\dhruba\\Laravel\\QuizWebsite\\vendor\\laravel\\framework\\src\\Illuminate\\Cache\\Repository.php(116): Illuminate\\Cache\\DatabaseStore->get('laravel:reverb:...')
#11 C:\\Users\\dhruba\\Laravel\\QuizWebsite\\vendor\\laravel\\framework\\src\\Illuminate\\Cache\\CacheManager.php(453): Illuminate\\Cache\\Repository->get('laravel:reverb:...')
#12 C:\\Users\\dhruba\\Laravel\\QuizWebsite\\vendor\\laravel\\framework\\src\\Illuminate\\Support\\Facades\\Facade.php(358): Illuminate\\Cache\\CacheManager->__call('get', Array)
#13 C:\\Users\\dhruba\\Laravel\\QuizWebsite\\vendor\\laravel\\reverb\\src\\Servers\\Reverb\\Console\\Commands\\StartServer.php(105): Illuminate\\Support\\Facades\\Facade::__callStatic('get', Array)
#14 C:\\Users\\dhruba\\Laravel\\QuizWebsite\\vendor\\laravel\\reverb\\src\\Servers\\Reverb\\Console\\Commands\\StartServer.php(70): Laravel\\Reverb\\Servers\\Reverb\\Console\\Commands\\StartServer->ensureRestartCommandIsRespected(Object(Laravel\\Reverb\\Servers\\Reverb\\Http\\Server), Object(React\\EventLoop\\StreamSelectLoop), '0.0.0.0', '8080')
#15 C:\\Users\\dhruba\\Laravel\\QuizWebsite\\vendor\\laravel\\framework\\src\\Illuminate\\Container\\BoundMethod.php(36): Laravel\\Reverb\\Servers\\Reverb\\Console\\Commands\\StartServer->handle()
#16 C:\\Users\\dhruba\\Laravel\\QuizWebsite\\vendor\\laravel\\framework\\src\\Illuminate\\Container\\Util.php(43): Illuminate\\Container\\BoundMethod::Illuminate\\Container\\{closure}()
#17 C:\\Users\\dhruba\\Laravel\\QuizWebsite\\vendor\\laravel\\framework\\src\\Illuminate\\Container\\BoundMethod.php(95): Illuminate\\Container\\Util::unwrapIfClosure(Object(Closure))
#18 C:\\Users\\dhruba\\Laravel\\QuizWebsite\\vendor\\laravel\\framework\\src\\Illuminate\\Container\\BoundMethod.php(35): Illuminate\\Container\\BoundMethod::callBoundMethod(Object(Illuminate\\Foundation\\Application), Array, Object(Closure))
#19 C:\\Users\\dhruba\\Laravel\\QuizWebsite\\vendor\\laravel\\framework\\src\\Illuminate\\Container\\Container.php(690): Illuminate\\Container\\BoundMethod::call(Object(Illuminate\\Foundation\\Application), Array, Array, NULL)
#20 C:\\Users\\dhruba\\Laravel\\QuizWebsite\\vendor\\laravel\\framework\\src\\Illuminate\\Console\\Command.php(213): Illuminate\\Container\\Container->call(Array)
#21 C:\\Users\\dhruba\\Laravel\\QuizWebsite\\vendor\\symfony\\console\\Command\\Command.php(279): Illuminate\\Console\\Command->execute(Object(Symfony\\Component\\Console\\Input\\ArgvInput), Object(Illuminate\\Console\\OutputStyle))
#22 C:\\Users\\dhruba\\Laravel\\QuizWebsite\\vendor\\laravel\\framework\\src\\Illuminate\\Console\\Command.php(182): Symfony\\Component\\Console\\Command\\Command->run(Object(Symfony\\Component\\Console\\Input\\ArgvInput), Object(Illuminate\\Console\\OutputStyle))
#23 C:\\Users\\dhruba\\Laravel\\QuizWebsite\\vendor\\symfony\\console\\Application.php(1047): Illuminate\\Console\\Command->run(Object(Symfony\\Component\\Console\\Input\\ArgvInput), Object(Symfony\\Component\\Console\\Output\\ConsoleOutput))
#24 C:\\Users\\dhruba\\Laravel\\QuizWebsite\\vendor\\symfony\\console\\Application.php(316): Symfony\\Component\\Console\\Application->doRunCommand(Object(Laravel\\Reverb\\Servers\\Reverb\\Console\\Commands\\StartServer), Object(Symfony\\Component\\Console\\Input\\ArgvInput), Object(Symfony\\Component\\Console\\Output\\ConsoleOutput))
#25 C:\\Users\\dhruba\\Laravel\\QuizWebsite\\vendor\\symfony\\console\\Application.php(167): Symfony\\Component\\Console\\Application->doRun(Object(Symfony\\Component\\Console\\Input\\ArgvInput), Object(Symfony\\Component\\Console\\Output\\ConsoleOutput))
#26 C:\\Users\\dhruba\\Laravel\\QuizWebsite\\vendor\\laravel\\framework\\src\\Illuminate\\Foundation\\Console\\Kernel.php(197): Symfony\\Component\\Console\\Application->run(Object(Symfony\\Component\\Console\\Input\\ArgvInput), Object(Symfony\\Component\\Console\\Output\\ConsoleOutput))
#27 C:\\Users\\dhruba\\Laravel\\QuizWebsite\\vendor\\laravel\\framework\\src\\Illuminate\\Foundation\\Application.php(1205): Illuminate\\Foundation\\Console\\Kernel->handle(Object(Symfony\\Component\\Console\\Input\\ArgvInput), Object(Symfony\\Component\\Console\\Output\\ConsoleOutput))
#28 C:\\Users\\dhruba\\Laravel\\QuizWebsite\\artisan(13): Illuminate\\Foundation\\Application->handleCommand(Object(Symfony\\Component\\Console\\Input\\ArgvInput))
#29 {main}

[previous exception] [object] (PDOException(code: 2002): SQLSTATE[HY000] [2002] No connection could be made because the target machine actively refused it at C:\\Users\\dhruba\\Laravel\\QuizWebsite\\vendor\\laravel\\framework\\src\\Illuminate\\Database\\Connectors\\Connector.php:66)
[stacktrace]
#0 C:\\Users\\dhruba\\Laravel\\QuizWebsite\\vendor\\laravel\\framework\\src\\Illuminate\\Database\\Connectors\\Connector.php(66): PDO->__construct('mysql:host=127....', 'root', Object(SensitiveParameterValue), Array)
#1 C:\\Users\\dhruba\\Laravel\\QuizWebsite\\vendor\\laravel\\framework\\src\\Illuminate\\Database\\Connectors\\Connector.php(85): Illuminate\\Database\\Connectors\\Connector->createPdoConnection('mysql:host=127....', 'root', '', Array)
#2 C:\\Users\\dhruba\\Laravel\\QuizWebsite\\vendor\\laravel\\framework\\src\\Illuminate\\Database\\Connectors\\Connector.php(48): Illuminate\\Database\\Connectors\\Connector->tryAgainIfCausedByLostConnection(Object(PDOException), 'mysql:host=127....', 'root', '', Array)
#3 C:\\Users\\dhruba\\Laravel\\QuizWebsite\\vendor\\laravel\\framework\\src\\Illuminate\\Database\\Connectors\\MySqlConnector.php(24): Illuminate\\Database\\Connectors\\Connector->createConnection('mysql:host=127....', Array, Array)
#4 C:\\Users\\dhruba\\Laravel\\QuizWebsite\\vendor\\laravel\\framework\\src\\Illuminate\\Database\\Connectors\\ConnectionFactory.php(185): Illuminate\\Database\\Connectors\\MySqlConnector->connect(Array)
#5 [internal function]: Illuminate\\Database\\Connectors\\ConnectionFactory->Illuminate\\Database\\Connectors\\{closure}()
#6 C:\\Users\\dhruba\\Laravel\\QuizWebsite\\vendor\\laravel\\framework\\src\\Illuminate\\Database\\Connection.php(1231): call_user_func(Object(Closure))
#7 C:\\Users\\dhruba\\Laravel\\QuizWebsite\\vendor\\laravel\\framework\\src\\Illuminate\\Database\\Connection.php(1267): Illuminate\\Database\\Connection->getPdo()
#8 C:\\Users\\dhruba\\Laravel\\QuizWebsite\\vendor\\laravel\\framework\\src\\Illuminate\\Database\\Connection.php(512): Illuminate\\Database\\Connection->getReadPdo()
#9 C:\\Users\\dhruba\\Laravel\\QuizWebsite\\vendor\\laravel\\framework\\src\\Illuminate\\Database\\Connection.php(407): Illuminate\\Database\\Connection->getPdoForSelect(true)
#10 C:\\Users\\dhruba\\Laravel\\QuizWebsite\\vendor\\laravel\\framework\\src\\Illuminate\\Database\\Connection.php(812): Illuminate\\Database\\Connection->Illuminate\\Database\\{closure}('select * from `...', Array)
#11 C:\\Users\\dhruba\\Laravel\\QuizWebsite\\vendor\\laravel\\framework\\src\\Illuminate\\Database\\Connection.php(979): Illuminate\\Database\\Connection->runQueryCallback('select * from `...', Array, Object(Closure))
#12 C:\\Users\\dhruba\\Laravel\\QuizWebsite\\vendor\\laravel\\framework\\src\\Illuminate\\Database\\Connection.php(958): Illuminate\\Database\\Connection->tryAgainIfCausedByLostConnection(Object(Illuminate\\Database\\QueryException), 'select * from `...', Array, Object(Closure))
#13 C:\\Users\\dhruba\\Laravel\\QuizWebsite\\vendor\\laravel\\framework\\src\\Illuminate\\Database\\Connection.php(781): Illuminate\\Database\\Connection->handleQueryException(Object(Illuminate\\Database\\QueryException), 'select * from `...', Array, Object(Closure))
#14 C:\\Users\\dhruba\\Laravel\\QuizWebsite\\vendor\\laravel\\framework\\src\\Illuminate\\Database\\Connection.php(398): Illuminate\\Database\\Connection->run('select * from `...', Array, Object(Closure))
#15 C:\\Users\\dhruba\\Laravel\\QuizWebsite\\vendor\\laravel\\framework\\src\\Illuminate\\Database\\Query\\Builder.php(3132): Illuminate\\Database\\Connection->select('select * from `...', Array, true)
#16 C:\\Users\\dhruba\\Laravel\\QuizWebsite\\vendor\\laravel\\framework\\src\\Illuminate\\Database\\Query\\Builder.php(3117): Illuminate\\Database\\Query\\Builder->runSelect()
#17 C:\\Users\\dhruba\\Laravel\\QuizWebsite\\vendor\\laravel\\framework\\src\\Illuminate\\Database\\Query\\Builder.php(3705): Illuminate\\Database\\Query\\Builder->Illuminate\\Database\\Query\\{closure}()
#18 C:\\Users\\dhruba\\Laravel\\QuizWebsite\\vendor\\laravel\\framework\\src\\Illuminate\\Database\\Query\\Builder.php(3116): Illuminate\\Database\\Query\\Builder->onceWithColumns(Array, Object(Closure))
#19 C:\\Users\\dhruba\\Laravel\\QuizWebsite\\vendor\\laravel\\framework\\src\\Illuminate\\Cache\\DatabaseStore.php(127): Illuminate\\Database\\Query\\Builder->get()
#20 C:\\Users\\dhruba\\Laravel\\QuizWebsite\\vendor\\laravel\\framework\\src\\Illuminate\\Cache\\DatabaseStore.php(102): Illuminate\\Cache\\DatabaseStore->many(Array)
#21 C:\\Users\\dhruba\\Laravel\\QuizWebsite\\vendor\\laravel\\framework\\src\\Illuminate\\Cache\\Repository.php(116): Illuminate\\Cache\\DatabaseStore->get('laravel:reverb:...')
#22 C:\\Users\\dhruba\\Laravel\\QuizWebsite\\vendor\\laravel\\framework\\src\\Illuminate\\Cache\\CacheManager.php(453): Illuminate\\Cache\\Repository->get('laravel:reverb:...')
#23 C:\\Users\\dhruba\\Laravel\\QuizWebsite\\vendor\\laravel\\framework\\src\\Illuminate\\Support\\Facades\\Facade.php(358): Illuminate\\Cache\\CacheManager->__call('get', Array)
#24 C:\\Users\\dhruba\\Laravel\\QuizWebsite\\vendor\\laravel\\reverb\\src\\Servers\\Reverb\\Console\\Commands\\StartServer.php(105): Illuminate\\Support\\Facades\\Facade::__callStatic('get', Array)
#25 C:\\Users\\dhruba\\Laravel\\QuizWebsite\\vendor\\laravel\\reverb\\src\\Servers\\Reverb\\Console\\Commands\\StartServer.php(70): Laravel\\Reverb\\Servers\\Reverb\\Console\\Commands\\StartServer->ensureRestartCommandIsRespected(Object(Laravel\\Reverb\\Servers\\Reverb\\Http\\Server), Object(React\\EventLoop\\StreamSelectLoop), '0.0.0.0', '8080')
#26 C:\\Users\\dhruba\\Laravel\\QuizWebsite\\vendor\\laravel\\framework\\src\\Illuminate\\Container\\BoundMethod.php(36): Laravel\\Reverb\\Servers\\Reverb\\Console\\Commands\\StartServer->handle()
#27 C:\\Users\\dhruba\\Laravel\\QuizWebsite\\vendor\\laravel\\framework\\src\\Illuminate\\Container\\Util.php(43): Illuminate\\Container\\BoundMethod::Illuminate\\Container\\{closure}()
#28 C:\\Users\\dhruba\\Laravel\\QuizWebsite\\vendor\\laravel\\framework\\src\\Illuminate\\Container\\BoundMethod.php(95): Illuminate\\Container\\Util::unwrapIfClosure(Object(Closure))
#29 C:\\Users\\dhruba\\Laravel\\QuizWebsite\\vendor\\laravel\\framework\\src\\Illuminate\\Container\\BoundMethod.php(35): Illuminate\\Container\\BoundMethod::callBoundMethod(Object(Illuminate\\Foundation\\Application), Array, Object(Closure))
#30 C:\\Users\\dhruba\\Laravel\\QuizWebsite\\vendor\\laravel\\framework\\src\\Illuminate\\Container\\Container.php(690): Illuminate\\Container\\BoundMethod::call(Object(Illuminate\\Foundation\\Application), Array, Array, NULL)
#31 C:\\Users\\dhruba\\Laravel\\QuizWebsite\\vendor\\laravel\\framework\\src\\Illuminate\\Console\\Command.php(213): Illuminate\\Container\\Container->call(Array)
#32 C:\\Users\\dhruba\\Laravel\\QuizWebsite\\vendor\\symfony\\console\\Command\\Command.php(279): Illuminate\\Console\\Command->execute(Object(Symfony\\Component\\Console\\Input\\ArgvInput), Object(Illuminate\\Console\\OutputStyle))
#33 C:\\Users\\dhruba\\Laravel\\QuizWebsite\\vendor\\laravel\\framework\\src\\Illuminate\\Console\\Command.php(182): Symfony\\Component\\Console\\Command\\Command->run(Object(Symfony\\Component\\Console\\Input\\ArgvInput), Object(Illuminate\\Console\\OutputStyle))
#34 C:\\Users\\dhruba\\Laravel\\QuizWebsite\\vendor\\symfony\\console\\Application.php(1047): Illuminate\\Console\\Command->run(Object(Symfony\\Component\\Console\\Input\\ArgvInput), Object(Symfony\\Component\\Console\\Output\\ConsoleOutput))
#35 C:\\Users\\dhruba\\Laravel\\QuizWebsite\\vendor\\symfony\\console\\Application.php(316): Symfony\\Component\\Console\\Application->doRunCommand(Object(Laravel\\Reverb\\Servers\\Reverb\\Console\\Commands\\StartServer), Object(Symfony\\Component\\Console\\Input\\ArgvInput), Object(Symfony\\Component\\Console\\Output\\ConsoleOutput))
#36 C:\\Users\\dhruba\\Laravel\\QuizWebsite\\vendor\\symfony\\console\\Application.php(167): Symfony\\Component\\Console\\Application->doRun(Object(Symfony\\Component\\Console\\Input\\ArgvInput), Object(Symfony\\Component\\Console\\Output\\ConsoleOutput))
#37 C:\\Users\\dhruba\\Laravel\\QuizWebsite\\vendor\\laravel\\framework\\src\\Illuminate\\Foundation\\Console\\Kernel.php(197): Symfony\\Component\\Console\\Application->run(Object(Symfony\\Component\\Console\\Input\\ArgvInput), Object(Symfony\\Component\\Console\\Output\\ConsoleOutput))
#38 C:\\Users\\dhruba\\Laravel\\QuizWebsite\\vendor\\laravel\\framework\\src\\Illuminate\\Foundation\\Application.php(1205): Illuminate\\Foundation\\Console\\Kernel->handle(Object(Symfony\\Component\\Console\\Input\\ArgvInput), Object(Symfony\\Component\\Console\\Output\\ConsoleOutput))
#39 C:\\Users\\dhruba\\Laravel\\QuizWebsite\\artisan(13): Illuminate\\Foundation\\Application->handleCommand(Object(Symfony\\Component\\Console\\Input\\ArgvInput))
#40 {main}
"} 
[2025-07-18 08:09:13] local.INFO: Broadcasting QuizStatusUpdated {"quizId":"1","start":"2025-07-18 08:09:13"} 
[2025-07-18 08:09:18] local.INFO: Student ID from session: 13  
[2025-07-18 08:26:17] local.INFO: Broadcasting QuizStatusUpdated {"quizId":"1","start":"2025-07-18 08:26:17"} 
[2025-07-18 08:26:21] local.INFO: Student ID from session: 13  
[2025-07-18 08:32:12] local.INFO: Broadcasting QuizStatusUpdated {"quizId":"1","start":"2025-07-18 08:32:12"} 
[2025-07-18 08:32:15] local.INFO: Student ID from session: 13  
[2025-07-18 08:49:02] local.INFO: Broadcasting QuizStatusUpdated {"quizId":"1","start":"2025-07-18 08:49:02"} 
[2025-07-18 08:49:06] local.INFO: Student ID from session: 31  
