[2025-01-01 16:46:05] production.ERROR: No application encryption key has been specified. {"exception":"[object] (Illuminate\\Encryption\\MissingAppKeyException(code: 0): No application encryption key has been specified. at D:\\Codes and projects\\SystemProject(3-2,Quiz Website)\\QuizWebsite\\QuizWebsite\\vendor\\laravel\\framework\\src\\Illuminate\\Encryption\\EncryptionServiceProvider.php:83)
[stacktrace]
#0 D:\\Codes and projects\\SystemProject(3-2,Quiz Website)\\QuizWebsite\\QuizWebsite\\vendor\\laravel\\framework\\src\\Illuminate\\Support\\helpers.php(380): Illuminate\\Encryption\\EncryptionServiceProvider->Illuminate\\Encryption\\{closure}(NULL)
#1 D:\\Codes and projects\\SystemProject(3-2,Quiz Website)\\QuizWebsite\\QuizWebsite\\vendor\\laravel\\framework\\src\\Illuminate\\Encryption\\EncryptionServiceProvider.php(81): tap(NULL, Object(Closure))
#2 D:\\Codes and projects\\SystemProject(3-2,Quiz Website)\\QuizWebsite\\QuizWebsite\\vendor\\laravel\\framework\\src\\Illuminate\\Encryption\\EncryptionServiceProvider.php(64): Illuminate\\Encryption\\EncryptionServiceProvider->key(Array)
#3 D:\\Codes and projects\\SystemProject(3-2,Quiz Website)\\QuizWebsite\\QuizWebsite\\vendor\\laravel\\framework\\src\\Illuminate\\Encryption\\EncryptionServiceProvider.php(32): Illuminate\\Encryption\\EncryptionServiceProvider->parseKey(Array)
#4 D:\\Codes and projects\\SystemProject(3-2,Quiz Website)\\QuizWebsite\\QuizWebsite\\vendor\\laravel\\framework\\src\\Illuminate\\Container\\Container.php(931): Illuminate\\Encryption\\EncryptionServiceProvider->Illuminate\\Encryption\\{closure}(Object(Illuminate\\Foundation\\Application), Array)
#5 D:\\Codes and projects\\SystemProject(3-2,Quiz Website)\\QuizWebsite\\QuizWebsite\\vendor\\laravel\\framework\\src\\Illuminate\\Container\\Container.php(815): Illuminate\\Container\\Container->build(Object(Closure))
#6 D:\\Codes and projects\\SystemProject(3-2,Quiz Website)\\QuizWebsite\\QuizWebsite\\vendor\\laravel\\framework\\src\\Illuminate\\Foundation\\Application.php(1048): Illuminate\\Container\\Container->resolve('encrypter', Array, true)
#7 D:\\Codes and projects\\SystemProject(3-2,Quiz Website)\\QuizWebsite\\QuizWebsite\\vendor\\laravel\\framework\\src\\Illuminate\\Container\\Container.php(751): Illuminate\\Foundation\\Application->resolve('encrypter', Array)
#8 D:\\Codes and projects\\SystemProject(3-2,Quiz Website)\\QuizWebsite\\QuizWebsite\\vendor\\laravel\\framework\\src\\Illuminate\\Foundation\\Application.php(1030): Illuminate\\Container\\Container->make('encrypter', Array)
#9 D:\\Codes and projects\\SystemProject(3-2,Quiz Website)\\QuizWebsite\\QuizWebsite\\vendor\\laravel\\framework\\src\\Illuminate\\Container\\Container.php(1112): Illuminate\\Foundation\\Application->make('encrypter')
#10 D:\\Codes and projects\\SystemProject(3-2,Quiz Website)\\QuizWebsite\\QuizWebsite\\vendor\\laravel\\framework\\src\\Illuminate\\Container\\Container.php(1022): Illuminate\\Container\\Container->resolveClass(Object(ReflectionParameter))
#11 D:\\Codes and projects\\SystemProject(3-2,Quiz Website)\\QuizWebsite\\QuizWebsite\\vendor\\laravel\\framework\\src\\Illuminate\\Container\\Container.php(973): Illuminate\\Container\\Container->resolveDependencies(Array)
#12 D:\\Codes and projects\\SystemProject(3-2,Quiz Website)\\QuizWebsite\\QuizWebsite\\vendor\\laravel\\framework\\src\\Illuminate\\Container\\Container.php(815): Illuminate\\Container\\Container->build('Illuminate\\\\Cook...')
#13 D:\\Codes and projects\\SystemProject(3-2,Quiz Website)\\QuizWebsite\\QuizWebsite\\vendor\\laravel\\framework\\src\\Illuminate\\Foundation\\Application.php(1048): Illuminate\\Container\\Container->resolve('Illuminate\\\\Cook...', Array, true)
#14 D:\\Codes and projects\\SystemProject(3-2,Quiz Website)\\QuizWebsite\\QuizWebsite\\vendor\\laravel\\framework\\src\\Illuminate\\Container\\Container.php(751): Illuminate\\Foundation\\Application->resolve('Illuminate\\\\Cook...', Array)
#15 D:\\Codes and projects\\SystemProject(3-2,Quiz Website)\\QuizWebsite\\QuizWebsite\\vendor\\laravel\\framework\\src\\Illuminate\\Foundation\\Application.php(1030): Illuminate\\Container\\Container->make('Illuminate\\\\Cook...', Array)
#16 D:\\Codes and projects\\SystemProject(3-2,Quiz Website)\\QuizWebsite\\QuizWebsite\\vendor\\laravel\\framework\\src\\Illuminate\\Pipeline\\Pipeline.php(172): Illuminate\\Foundation\\Application->make('Illuminate\\\\Cook...')
#17 D:\\Codes and projects\\SystemProject(3-2,Quiz Website)\\QuizWebsite\\QuizWebsite\\vendor\\laravel\\framework\\src\\Illuminate\\Pipeline\\Pipeline.php(119): Illuminate\\Pipeline\\Pipeline->Illuminate\\Pipeline\\{closure}(Object(Illuminate\\Http\\Request))
#18 D:\\Codes and projects\\SystemProject(3-2,Quiz Website)\\QuizWebsite\\QuizWebsite\\vendor\\laravel\\framework\\src\\Illuminate\\Routing\\Router.php(807): Illuminate\\Pipeline\\Pipeline->then(Object(Closure))
#19 D:\\Codes and projects\\SystemProject(3-2,Quiz Website)\\QuizWebsite\\QuizWebsite\\vendor\\laravel\\framework\\src\\Illuminate\\Routing\\Router.php(786): Illuminate\\Routing\\Router->runRouteWithinStack(Object(Illuminate\\Routing\\Route), Object(Illuminate\\Http\\Request))
#20 D:\\Codes and projects\\SystemProject(3-2,Quiz Website)\\QuizWebsite\\QuizWebsite\\vendor\\laravel\\framework\\src\\Illuminate\\Routing\\Router.php(750): Illuminate\\Routing\\Router->runRoute(Object(Illuminate\\Http\\Request), Object(Illuminate\\Routing\\Route))
#21 D:\\Codes and projects\\SystemProject(3-2,Quiz Website)\\QuizWebsite\\QuizWebsite\\vendor\\laravel\\framework\\src\\Illuminate\\Routing\\Router.php(739): Illuminate\\Routing\\Router->dispatchToRoute(Object(Illuminate\\Http\\Request))
#22 D:\\Codes and projects\\SystemProject(3-2,Quiz Website)\\QuizWebsite\\QuizWebsite\\vendor\\laravel\\framework\\src\\Illuminate\\Foundation\\Http\\Kernel.php(201): Illuminate\\Routing\\Router->dispatch(Object(Illuminate\\Http\\Request))
#23 D:\\Codes and projects\\SystemProject(3-2,Quiz Website)\\QuizWebsite\\QuizWebsite\\vendor\\laravel\\framework\\src\\Illuminate\\Pipeline\\Pipeline.php(144): Illuminate\\Foundation\\Http\\Kernel->Illuminate\\Foundation\\Http\\{closure}(Object(Illuminate\\Http\\Request))
#24 D:\\Codes and projects\\SystemProject(3-2,Quiz Website)\\QuizWebsite\\QuizWebsite\\vendor\\laravel\\framework\\src\\Illuminate\\Foundation\\Http\\Middleware\\TransformsRequest.php(21): Illuminate\\Pipeline\\Pipeline->Illuminate\\Pipeline\\{closure}(Object(Illuminate\\Http\\Request))
#25 D:\\Codes and projects\\SystemProject(3-2,Quiz Website)\\QuizWebsite\\QuizWebsite\\vendor\\laravel\\framework\\src\\Illuminate\\Foundation\\Http\\Middleware\\ConvertEmptyStringsToNull.php(31): Illuminate\\Foundation\\Http\\Middleware\\TransformsRequest->handle(Object(Illuminate\\Http\\Request), Object(Closure))
#26 D:\\Codes and projects\\SystemProject(3-2,Quiz Website)\\QuizWebsite\\QuizWebsite\\vendor\\laravel\\framework\\src\\Illuminate\\Pipeline\\Pipeline.php(183): Illuminate\\Foundation\\Http\\Middleware\\ConvertEmptyStringsToNull->handle(Object(Illuminate\\Http\\Request), Object(Closure))
#27 D:\\Codes and projects\\SystemProject(3-2,Quiz Website)\\QuizWebsite\\QuizWebsite\\vendor\\laravel\\framework\\src\\Illuminate\\Foundation\\Http\\Middleware\\TransformsRequest.php(21): Illuminate\\Pipeline\\Pipeline->Illuminate\\Pipeline\\{closure}(Object(Illuminate\\Http\\Request))
#28 D:\\Codes and projects\\SystemProject(3-2,Quiz Website)\\QuizWebsite\\QuizWebsite\\vendor\\laravel\\framework\\src\\Illuminate\\Foundation\\Http\\Middleware\\TrimStrings.php(51): Illuminate\\Foundation\\Http\\Middleware\\TransformsRequest->handle(Object(Illuminate\\Http\\Request), Object(Closure))
#29 D:\\Codes and projects\\SystemProject(3-2,Quiz Website)\\QuizWebsite\\QuizWebsite\\vendor\\laravel\\framework\\src\\Illuminate\\Pipeline\\Pipeline.php(183): Illuminate\\Foundation\\Http\\Middleware\\TrimStrings->handle(Object(Illuminate\\Http\\Request), Object(Closure))
#30 D:\\Codes and projects\\SystemProject(3-2,Quiz Website)\\QuizWebsite\\QuizWebsite\\vendor\\laravel\\framework\\src\\Illuminate\\Http\\Middleware\\ValidatePostSize.php(27): Illuminate\\Pipeline\\Pipeline->Illuminate\\Pipeline\\{closure}(Object(Illuminate\\Http\\Request))
#31 D:\\Codes and projects\\SystemProject(3-2,Quiz Website)\\QuizWebsite\\QuizWebsite\\vendor\\laravel\\framework\\src\\Illuminate\\Pipeline\\Pipeline.php(183): Illuminate\\Http\\Middleware\\ValidatePostSize->handle(Object(Illuminate\\Http\\Request), Object(Closure))
#32 D:\\Codes and projects\\SystemProject(3-2,Quiz Website)\\QuizWebsite\\QuizWebsite\\vendor\\laravel\\framework\\src\\Illuminate\\Foundation\\Http\\Middleware\\PreventRequestsDuringMaintenance.php(110): Illuminate\\Pipeline\\Pipeline->Illuminate\\Pipeline\\{closure}(Object(Illuminate\\Http\\Request))
#33 D:\\Codes and projects\\SystemProject(3-2,Quiz Website)\\QuizWebsite\\QuizWebsite\\vendor\\laravel\\framework\\src\\Illuminate\\Pipeline\\Pipeline.php(183): Illuminate\\Foundation\\Http\\Middleware\\PreventRequestsDuringMaintenance->handle(Object(Illuminate\\Http\\Request), Object(Closure))
#34 D:\\Codes and projects\\SystemProject(3-2,Quiz Website)\\QuizWebsite\\QuizWebsite\\vendor\\laravel\\framework\\src\\Illuminate\\Http\\Middleware\\HandleCors.php(49): Illuminate\\Pipeline\\Pipeline->Illuminate\\Pipeline\\{closure}(Object(Illuminate\\Http\\Request))
#35 D:\\Codes and projects\\SystemProject(3-2,Quiz Website)\\QuizWebsite\\QuizWebsite\\vendor\\laravel\\framework\\src\\Illuminate\\Pipeline\\Pipeline.php(183): Illuminate\\Http\\Middleware\\HandleCors->handle(Object(Illuminate\\Http\\Request), Object(Closure))
#36 D:\\Codes and projects\\SystemProject(3-2,Quiz Website)\\QuizWebsite\\QuizWebsite\\vendor\\laravel\\framework\\src\\Illuminate\\Http\\Middleware\\TrustProxies.php(58): Illuminate\\Pipeline\\Pipeline->Illuminate\\Pipeline\\{closure}(Object(Illuminate\\Http\\Request))
#37 D:\\Codes and projects\\SystemProject(3-2,Quiz Website)\\QuizWebsite\\QuizWebsite\\vendor\\laravel\\framework\\src\\Illuminate\\Pipeline\\Pipeline.php(183): Illuminate\\Http\\Middleware\\TrustProxies->handle(Object(Illuminate\\Http\\Request), Object(Closure))
#38 D:\\Codes and projects\\SystemProject(3-2,Quiz Website)\\QuizWebsite\\QuizWebsite\\vendor\\laravel\\framework\\src\\Illuminate\\Foundation\\Http\\Middleware\\InvokeDeferredCallbacks.php(22): Illuminate\\Pipeline\\Pipeline->Illuminate\\Pipeline\\{closure}(Object(Illuminate\\Http\\Request))
#39 D:\\Codes and projects\\SystemProject(3-2,Quiz Website)\\QuizWebsite\\QuizWebsite\\vendor\\laravel\\framework\\src\\Illuminate\\Pipeline\\Pipeline.php(183): Illuminate\\Foundation\\Http\\Middleware\\InvokeDeferredCallbacks->handle(Object(Illuminate\\Http\\Request), Object(Closure))
#40 D:\\Codes and projects\\SystemProject(3-2,Quiz Website)\\QuizWebsite\\QuizWebsite\\vendor\\laravel\\framework\\src\\Illuminate\\Pipeline\\Pipeline.php(119): Illuminate\\Pipeline\\Pipeline->Illuminate\\Pipeline\\{closure}(Object(Illuminate\\Http\\Request))
#41 D:\\Codes and projects\\SystemProject(3-2,Quiz Website)\\QuizWebsite\\QuizWebsite\\vendor\\laravel\\framework\\src\\Illuminate\\Foundation\\Http\\Kernel.php(176): Illuminate\\Pipeline\\Pipeline->then(Object(Closure))
#42 D:\\Codes and projects\\SystemProject(3-2,Quiz Website)\\QuizWebsite\\QuizWebsite\\vendor\\laravel\\framework\\src\\Illuminate\\Foundation\\Http\\Kernel.php(145): Illuminate\\Foundation\\Http\\Kernel->sendRequestThroughRouter(Object(Illuminate\\Http\\Request))
#43 D:\\Codes and projects\\SystemProject(3-2,Quiz Website)\\QuizWebsite\\QuizWebsite\\vendor\\laravel\\framework\\src\\Illuminate\\Foundation\\Application.php(1190): Illuminate\\Foundation\\Http\\Kernel->handle(Object(Illuminate\\Http\\Request))
#44 D:\\Codes and projects\\SystemProject(3-2,Quiz Website)\\QuizWebsite\\QuizWebsite\\public\\index.php(17): Illuminate\\Foundation\\Application->handleRequest(Object(Illuminate\\Http\\Request))
#45 D:\\Codes and projects\\SystemProject(3-2,Quiz Website)\\QuizWebsite\\QuizWebsite\\vendor\\laravel\\framework\\src\\Illuminate\\Foundation\\resources\\server.php(23): require_once('D:\\\\Codes and pr...')
#46 {main}
"} 
[2025-01-01 16:46:10] production.ERROR: No application encryption key has been specified. {"exception":"[object] (Illuminate\\Encryption\\MissingAppKeyException(code: 0): No application encryption key has been specified. at D:\\Codes and projects\\SystemProject(3-2,Quiz Website)\\QuizWebsite\\QuizWebsite\\vendor\\laravel\\framework\\src\\Illuminate\\Encryption\\EncryptionServiceProvider.php:83)
[stacktrace]
#0 D:\\Codes and projects\\SystemProject(3-2,Quiz Website)\\QuizWebsite\\QuizWebsite\\vendor\\laravel\\framework\\src\\Illuminate\\Support\\helpers.php(380): Illuminate\\Encryption\\EncryptionServiceProvider->Illuminate\\Encryption\\{closure}(NULL)
#1 D:\\Codes and projects\\SystemProject(3-2,Quiz Website)\\QuizWebsite\\QuizWebsite\\vendor\\laravel\\framework\\src\\Illuminate\\Encryption\\EncryptionServiceProvider.php(81): tap(NULL, Object(Closure))
#2 D:\\Codes and projects\\SystemProject(3-2,Quiz Website)\\QuizWebsite\\QuizWebsite\\vendor\\laravel\\framework\\src\\Illuminate\\Encryption\\EncryptionServiceProvider.php(64): Illuminate\\Encryption\\EncryptionServiceProvider->key(Array)
#3 D:\\Codes and projects\\SystemProject(3-2,Quiz Website)\\QuizWebsite\\QuizWebsite\\vendor\\laravel\\framework\\src\\Illuminate\\Encryption\\EncryptionServiceProvider.php(32): Illuminate\\Encryption\\EncryptionServiceProvider->parseKey(Array)
#4 D:\\Codes and projects\\SystemProject(3-2,Quiz Website)\\QuizWebsite\\QuizWebsite\\vendor\\laravel\\framework\\src\\Illuminate\\Container\\Container.php(931): Illuminate\\Encryption\\EncryptionServiceProvider->Illuminate\\Encryption\\{closure}(Object(Illuminate\\Foundation\\Application), Array)
#5 D:\\Codes and projects\\SystemProject(3-2,Quiz Website)\\QuizWebsite\\QuizWebsite\\vendor\\laravel\\framework\\src\\Illuminate\\Container\\Container.php(815): Illuminate\\Container\\Container->build(Object(Closure))
#6 D:\\Codes and projects\\SystemProject(3-2,Quiz Website)\\QuizWebsite\\QuizWebsite\\vendor\\laravel\\framework\\src\\Illuminate\\Foundation\\Application.php(1048): Illuminate\\Container\\Container->resolve('encrypter', Array, true)
#7 D:\\Codes and projects\\SystemProject(3-2,Quiz Website)\\QuizWebsite\\QuizWebsite\\vendor\\laravel\\framework\\src\\Illuminate\\Container\\Container.php(751): Illuminate\\Foundation\\Application->resolve('encrypter', Array)
#8 D:\\Codes and projects\\SystemProject(3-2,Quiz Website)\\QuizWebsite\\QuizWebsite\\vendor\\laravel\\framework\\src\\Illuminate\\Foundation\\Application.php(1030): Illuminate\\Container\\Container->make('encrypter', Array)
#9 D:\\Codes and projects\\SystemProject(3-2,Quiz Website)\\QuizWebsite\\QuizWebsite\\vendor\\laravel\\framework\\src\\Illuminate\\Container\\Container.php(1112): Illuminate\\Foundation\\Application->make('encrypter')
#10 D:\\Codes and projects\\SystemProject(3-2,Quiz Website)\\QuizWebsite\\QuizWebsite\\vendor\\laravel\\framework\\src\\Illuminate\\Container\\Container.php(1022): Illuminate\\Container\\Container->resolveClass(Object(ReflectionParameter))
#11 D:\\Codes and projects\\SystemProject(3-2,Quiz Website)\\QuizWebsite\\QuizWebsite\\vendor\\laravel\\framework\\src\\Illuminate\\Container\\Container.php(973): Illuminate\\Container\\Container->resolveDependencies(Array)
#12 D:\\Codes and projects\\SystemProject(3-2,Quiz Website)\\QuizWebsite\\QuizWebsite\\vendor\\laravel\\framework\\src\\Illuminate\\Container\\Container.php(815): Illuminate\\Container\\Container->build('Illuminate\\\\Cook...')
#13 D:\\Codes and projects\\SystemProject(3-2,Quiz Website)\\QuizWebsite\\QuizWebsite\\vendor\\laravel\\framework\\src\\Illuminate\\Foundation\\Application.php(1048): Illuminate\\Container\\Container->resolve('Illuminate\\\\Cook...', Array, true)
#14 D:\\Codes and projects\\SystemProject(3-2,Quiz Website)\\QuizWebsite\\QuizWebsite\\vendor\\laravel\\framework\\src\\Illuminate\\Container\\Container.php(751): Illuminate\\Foundation\\Application->resolve('Illuminate\\\\Cook...', Array)
#15 D:\\Codes and projects\\SystemProject(3-2,Quiz Website)\\QuizWebsite\\QuizWebsite\\vendor\\laravel\\framework\\src\\Illuminate\\Foundation\\Application.php(1030): Illuminate\\Container\\Container->make('Illuminate\\\\Cook...', Array)
#16 D:\\Codes and projects\\SystemProject(3-2,Quiz Website)\\QuizWebsite\\QuizWebsite\\vendor\\laravel\\framework\\src\\Illuminate\\Foundation\\Http\\Kernel.php(258): Illuminate\\Foundation\\Application->make('Illuminate\\\\Cook...')
#17 D:\\Codes and projects\\SystemProject(3-2,Quiz Website)\\QuizWebsite\\QuizWebsite\\vendor\\laravel\\framework\\src\\Illuminate\\Foundation\\Http\\Kernel.php(216): Illuminate\\Foundation\\Http\\Kernel->terminateMiddleware(Object(Illuminate\\Http\\Request), Object(Illuminate\\Http\\Response))
#18 D:\\Codes and projects\\SystemProject(3-2,Quiz Website)\\QuizWebsite\\QuizWebsite\\vendor\\laravel\\framework\\src\\Illuminate\\Foundation\\Application.php(1192): Illuminate\\Foundation\\Http\\Kernel->terminate(Object(Illuminate\\Http\\Request), Object(Illuminate\\Http\\Response))
#19 D:\\Codes and projects\\SystemProject(3-2,Quiz Website)\\QuizWebsite\\QuizWebsite\\public\\index.php(17): Illuminate\\Foundation\\Application->handleRequest(Object(Illuminate\\Http\\Request))
#20 D:\\Codes and projects\\SystemProject(3-2,Quiz Website)\\QuizWebsite\\QuizWebsite\\vendor\\laravel\\framework\\src\\Illuminate\\Foundation\\resources\\server.php(23): require_once('D:\\\\Codes and pr...')
#21 {main}
"} 
[2025-01-01 16:46:35] production.ERROR: No application encryption key has been specified. {"exception":"[object] (Illuminate\\Encryption\\MissingAppKeyException(code: 0): No application encryption key has been specified. at D:\\Codes and projects\\SystemProject(3-2,Quiz Website)\\QuizWebsite\\QuizWebsite\\vendor\\laravel\\framework\\src\\Illuminate\\Encryption\\EncryptionServiceProvider.php:83)
[stacktrace]
#0 D:\\Codes and projects\\SystemProject(3-2,Quiz Website)\\QuizWebsite\\QuizWebsite\\vendor\\laravel\\framework\\src\\Illuminate\\Support\\helpers.php(380): Illuminate\\Encryption\\EncryptionServiceProvider->Illuminate\\Encryption\\{closure}(NULL)
#1 D:\\Codes and projects\\SystemProject(3-2,Quiz Website)\\QuizWebsite\\QuizWebsite\\vendor\\laravel\\framework\\src\\Illuminate\\Encryption\\EncryptionServiceProvider.php(81): tap(NULL, Object(Closure))
#2 D:\\Codes and projects\\SystemProject(3-2,Quiz Website)\\QuizWebsite\\QuizWebsite\\vendor\\laravel\\framework\\src\\Illuminate\\Encryption\\EncryptionServiceProvider.php(64): Illuminate\\Encryption\\EncryptionServiceProvider->key(Array)
#3 D:\\Codes and projects\\SystemProject(3-2,Quiz Website)\\QuizWebsite\\QuizWebsite\\vendor\\laravel\\framework\\src\\Illuminate\\Encryption\\EncryptionServiceProvider.php(32): Illuminate\\Encryption\\EncryptionServiceProvider->parseKey(Array)
#4 D:\\Codes and projects\\SystemProject(3-2,Quiz Website)\\QuizWebsite\\QuizWebsite\\vendor\\laravel\\framework\\src\\Illuminate\\Container\\Container.php(931): Illuminate\\Encryption\\EncryptionServiceProvider->Illuminate\\Encryption\\{closure}(Object(Illuminate\\Foundation\\Application), Array)
#5 D:\\Codes and projects\\SystemProject(3-2,Quiz Website)\\QuizWebsite\\QuizWebsite\\vendor\\laravel\\framework\\src\\Illuminate\\Container\\Container.php(815): Illuminate\\Container\\Container->build(Object(Closure))
#6 D:\\Codes and projects\\SystemProject(3-2,Quiz Website)\\QuizWebsite\\QuizWebsite\\vendor\\laravel\\framework\\src\\Illuminate\\Foundation\\Application.php(1048): Illuminate\\Container\\Container->resolve('encrypter', Array, true)
#7 D:\\Codes and projects\\SystemProject(3-2,Quiz Website)\\QuizWebsite\\QuizWebsite\\vendor\\laravel\\framework\\src\\Illuminate\\Container\\Container.php(751): Illuminate\\Foundation\\Application->resolve('encrypter', Array)
#8 D:\\Codes and projects\\SystemProject(3-2,Quiz Website)\\QuizWebsite\\QuizWebsite\\vendor\\laravel\\framework\\src\\Illuminate\\Foundation\\Application.php(1030): Illuminate\\Container\\Container->make('encrypter', Array)
#9 D:\\Codes and projects\\SystemProject(3-2,Quiz Website)\\QuizWebsite\\QuizWebsite\\vendor\\laravel\\framework\\src\\Illuminate\\Container\\Container.php(1112): Illuminate\\Foundation\\Application->make('encrypter')
#10 D:\\Codes and projects\\SystemProject(3-2,Quiz Website)\\QuizWebsite\\QuizWebsite\\vendor\\laravel\\framework\\src\\Illuminate\\Container\\Container.php(1022): Illuminate\\Container\\Container->resolveClass(Object(ReflectionParameter))
#11 D:\\Codes and projects\\SystemProject(3-2,Quiz Website)\\QuizWebsite\\QuizWebsite\\vendor\\laravel\\framework\\src\\Illuminate\\Container\\Container.php(973): Illuminate\\Container\\Container->resolveDependencies(Array)
#12 D:\\Codes and projects\\SystemProject(3-2,Quiz Website)\\QuizWebsite\\QuizWebsite\\vendor\\laravel\\framework\\src\\Illuminate\\Container\\Container.php(815): Illuminate\\Container\\Container->build('Illuminate\\\\Cook...')
#13 D:\\Codes and projects\\SystemProject(3-2,Quiz Website)\\QuizWebsite\\QuizWebsite\\vendor\\laravel\\framework\\src\\Illuminate\\Foundation\\Application.php(1048): Illuminate\\Container\\Container->resolve('Illuminate\\\\Cook...', Array, true)
#14 D:\\Codes and projects\\SystemProject(3-2,Quiz Website)\\QuizWebsite\\QuizWebsite\\vendor\\laravel\\framework\\src\\Illuminate\\Container\\Container.php(751): Illuminate\\Foundation\\Application->resolve('Illuminate\\\\Cook...', Array)
#15 D:\\Codes and projects\\SystemProject(3-2,Quiz Website)\\QuizWebsite\\QuizWebsite\\vendor\\laravel\\framework\\src\\Illuminate\\Foundation\\Application.php(1030): Illuminate\\Container\\Container->make('Illuminate\\\\Cook...', Array)
#16 D:\\Codes and projects\\SystemProject(3-2,Quiz Website)\\QuizWebsite\\QuizWebsite\\vendor\\laravel\\framework\\src\\Illuminate\\Pipeline\\Pipeline.php(172): Illuminate\\Foundation\\Application->make('Illuminate\\\\Cook...')
#17 D:\\Codes and projects\\SystemProject(3-2,Quiz Website)\\QuizWebsite\\QuizWebsite\\vendor\\laravel\\framework\\src\\Illuminate\\Pipeline\\Pipeline.php(119): Illuminate\\Pipeline\\Pipeline->Illuminate\\Pipeline\\{closure}(Object(Illuminate\\Http\\Request))
#18 D:\\Codes and projects\\SystemProject(3-2,Quiz Website)\\QuizWebsite\\QuizWebsite\\vendor\\laravel\\framework\\src\\Illuminate\\Routing\\Router.php(807): Illuminate\\Pipeline\\Pipeline->then(Object(Closure))
#19 D:\\Codes and projects\\SystemProject(3-2,Quiz Website)\\QuizWebsite\\QuizWebsite\\vendor\\laravel\\framework\\src\\Illuminate\\Routing\\Router.php(786): Illuminate\\Routing\\Router->runRouteWithinStack(Object(Illuminate\\Routing\\Route), Object(Illuminate\\Http\\Request))
#20 D:\\Codes and projects\\SystemProject(3-2,Quiz Website)\\QuizWebsite\\QuizWebsite\\vendor\\laravel\\framework\\src\\Illuminate\\Routing\\Router.php(750): Illuminate\\Routing\\Router->runRoute(Object(Illuminate\\Http\\Request), Object(Illuminate\\Routing\\Route))
#21 D:\\Codes and projects\\SystemProject(3-2,Quiz Website)\\QuizWebsite\\QuizWebsite\\vendor\\laravel\\framework\\src\\Illuminate\\Routing\\Router.php(739): Illuminate\\Routing\\Router->dispatchToRoute(Object(Illuminate\\Http\\Request))
#22 D:\\Codes and projects\\SystemProject(3-2,Quiz Website)\\QuizWebsite\\QuizWebsite\\vendor\\laravel\\framework\\src\\Illuminate\\Foundation\\Http\\Kernel.php(201): Illuminate\\Routing\\Router->dispatch(Object(Illuminate\\Http\\Request))
#23 D:\\Codes and projects\\SystemProject(3-2,Quiz Website)\\QuizWebsite\\QuizWebsite\\vendor\\laravel\\framework\\src\\Illuminate\\Pipeline\\Pipeline.php(144): Illuminate\\Foundation\\Http\\Kernel->Illuminate\\Foundation\\Http\\{closure}(Object(Illuminate\\Http\\Request))
#24 D:\\Codes and projects\\SystemProject(3-2,Quiz Website)\\QuizWebsite\\QuizWebsite\\vendor\\laravel\\framework\\src\\Illuminate\\Foundation\\Http\\Middleware\\TransformsRequest.php(21): Illuminate\\Pipeline\\Pipeline->Illuminate\\Pipeline\\{closure}(Object(Illuminate\\Http\\Request))
#25 D:\\Codes and projects\\SystemProject(3-2,Quiz Website)\\QuizWebsite\\QuizWebsite\\vendor\\laravel\\framework\\src\\Illuminate\\Foundation\\Http\\Middleware\\ConvertEmptyStringsToNull.php(31): Illuminate\\Foundation\\Http\\Middleware\\TransformsRequest->handle(Object(Illuminate\\Http\\Request), Object(Closure))
#26 D:\\Codes and projects\\SystemProject(3-2,Quiz Website)\\QuizWebsite\\QuizWebsite\\vendor\\laravel\\framework\\src\\Illuminate\\Pipeline\\Pipeline.php(183): Illuminate\\Foundation\\Http\\Middleware\\ConvertEmptyStringsToNull->handle(Object(Illuminate\\Http\\Request), Object(Closure))
#27 D:\\Codes and projects\\SystemProject(3-2,Quiz Website)\\QuizWebsite\\QuizWebsite\\vendor\\laravel\\framework\\src\\Illuminate\\Foundation\\Http\\Middleware\\TransformsRequest.php(21): Illuminate\\Pipeline\\Pipeline->Illuminate\\Pipeline\\{closure}(Object(Illuminate\\Http\\Request))
#28 D:\\Codes and projects\\SystemProject(3-2,Quiz Website)\\QuizWebsite\\QuizWebsite\\vendor\\laravel\\framework\\src\\Illuminate\\Foundation\\Http\\Middleware\\TrimStrings.php(51): Illuminate\\Foundation\\Http\\Middleware\\TransformsRequest->handle(Object(Illuminate\\Http\\Request), Object(Closure))
#29 D:\\Codes and projects\\SystemProject(3-2,Quiz Website)\\QuizWebsite\\QuizWebsite\\vendor\\laravel\\framework\\src\\Illuminate\\Pipeline\\Pipeline.php(183): Illuminate\\Foundation\\Http\\Middleware\\TrimStrings->handle(Object(Illuminate\\Http\\Request), Object(Closure))
#30 D:\\Codes and projects\\SystemProject(3-2,Quiz Website)\\QuizWebsite\\QuizWebsite\\vendor\\laravel\\framework\\src\\Illuminate\\Http\\Middleware\\ValidatePostSize.php(27): Illuminate\\Pipeline\\Pipeline->Illuminate\\Pipeline\\{closure}(Object(Illuminate\\Http\\Request))
#31 D:\\Codes and projects\\SystemProject(3-2,Quiz Website)\\QuizWebsite\\QuizWebsite\\vendor\\laravel\\framework\\src\\Illuminate\\Pipeline\\Pipeline.php(183): Illuminate\\Http\\Middleware\\ValidatePostSize->handle(Object(Illuminate\\Http\\Request), Object(Closure))
#32 D:\\Codes and projects\\SystemProject(3-2,Quiz Website)\\QuizWebsite\\QuizWebsite\\vendor\\laravel\\framework\\src\\Illuminate\\Foundation\\Http\\Middleware\\PreventRequestsDuringMaintenance.php(110): Illuminate\\Pipeline\\Pipeline->Illuminate\\Pipeline\\{closure}(Object(Illuminate\\Http\\Request))
#33 D:\\Codes and projects\\SystemProject(3-2,Quiz Website)\\QuizWebsite\\QuizWebsite\\vendor\\laravel\\framework\\src\\Illuminate\\Pipeline\\Pipeline.php(183): Illuminate\\Foundation\\Http\\Middleware\\PreventRequestsDuringMaintenance->handle(Object(Illuminate\\Http\\Request), Object(Closure))
#34 D:\\Codes and projects\\SystemProject(3-2,Quiz Website)\\QuizWebsite\\QuizWebsite\\vendor\\laravel\\framework\\src\\Illuminate\\Http\\Middleware\\HandleCors.php(49): Illuminate\\Pipeline\\Pipeline->Illuminate\\Pipeline\\{closure}(Object(Illuminate\\Http\\Request))
#35 D:\\Codes and projects\\SystemProject(3-2,Quiz Website)\\QuizWebsite\\QuizWebsite\\vendor\\laravel\\framework\\src\\Illuminate\\Pipeline\\Pipeline.php(183): Illuminate\\Http\\Middleware\\HandleCors->handle(Object(Illuminate\\Http\\Request), Object(Closure))
#36 D:\\Codes and projects\\SystemProject(3-2,Quiz Website)\\QuizWebsite\\QuizWebsite\\vendor\\laravel\\framework\\src\\Illuminate\\Http\\Middleware\\TrustProxies.php(58): Illuminate\\Pipeline\\Pipeline->Illuminate\\Pipeline\\{closure}(Object(Illuminate\\Http\\Request))
#37 D:\\Codes and projects\\SystemProject(3-2,Quiz Website)\\QuizWebsite\\QuizWebsite\\vendor\\laravel\\framework\\src\\Illuminate\\Pipeline\\Pipeline.php(183): Illuminate\\Http\\Middleware\\TrustProxies->handle(Object(Illuminate\\Http\\Request), Object(Closure))
#38 D:\\Codes and projects\\SystemProject(3-2,Quiz Website)\\QuizWebsite\\QuizWebsite\\vendor\\laravel\\framework\\src\\Illuminate\\Foundation\\Http\\Middleware\\InvokeDeferredCallbacks.php(22): Illuminate\\Pipeline\\Pipeline->Illuminate\\Pipeline\\{closure}(Object(Illuminate\\Http\\Request))
#39 D:\\Codes and projects\\SystemProject(3-2,Quiz Website)\\QuizWebsite\\QuizWebsite\\vendor\\laravel\\framework\\src\\Illuminate\\Pipeline\\Pipeline.php(183): Illuminate\\Foundation\\Http\\Middleware\\InvokeDeferredCallbacks->handle(Object(Illuminate\\Http\\Request), Object(Closure))
#40 D:\\Codes and projects\\SystemProject(3-2,Quiz Website)\\QuizWebsite\\QuizWebsite\\vendor\\laravel\\framework\\src\\Illuminate\\Pipeline\\Pipeline.php(119): Illuminate\\Pipeline\\Pipeline->Illuminate\\Pipeline\\{closure}(Object(Illuminate\\Http\\Request))
#41 D:\\Codes and projects\\SystemProject(3-2,Quiz Website)\\QuizWebsite\\QuizWebsite\\vendor\\laravel\\framework\\src\\Illuminate\\Foundation\\Http\\Kernel.php(176): Illuminate\\Pipeline\\Pipeline->then(Object(Closure))
#42 D:\\Codes and projects\\SystemProject(3-2,Quiz Website)\\QuizWebsite\\QuizWebsite\\vendor\\laravel\\framework\\src\\Illuminate\\Foundation\\Http\\Kernel.php(145): Illuminate\\Foundation\\Http\\Kernel->sendRequestThroughRouter(Object(Illuminate\\Http\\Request))
#43 D:\\Codes and projects\\SystemProject(3-2,Quiz Website)\\QuizWebsite\\QuizWebsite\\vendor\\laravel\\framework\\src\\Illuminate\\Foundation\\Application.php(1190): Illuminate\\Foundation\\Http\\Kernel->handle(Object(Illuminate\\Http\\Request))
#44 D:\\Codes and projects\\SystemProject(3-2,Quiz Website)\\QuizWebsite\\QuizWebsite\\public\\index.php(17): Illuminate\\Foundation\\Application->handleRequest(Object(Illuminate\\Http\\Request))
#45 D:\\Codes and projects\\SystemProject(3-2,Quiz Website)\\QuizWebsite\\QuizWebsite\\vendor\\laravel\\framework\\src\\Illuminate\\Foundation\\resources\\server.php(23): require_once('D:\\\\Codes and pr...')
#46 {main}
"} 
[2025-01-01 16:46:35] production.ERROR: No application encryption key has been specified. {"exception":"[object] (Illuminate\\Encryption\\MissingAppKeyException(code: 0): No application encryption key has been specified. at D:\\Codes and projects\\SystemProject(3-2,Quiz Website)\\QuizWebsite\\QuizWebsite\\vendor\\laravel\\framework\\src\\Illuminate\\Encryption\\EncryptionServiceProvider.php:83)
[stacktrace]
#0 D:\\Codes and projects\\SystemProject(3-2,Quiz Website)\\QuizWebsite\\QuizWebsite\\vendor\\laravel\\framework\\src\\Illuminate\\Support\\helpers.php(380): Illuminate\\Encryption\\EncryptionServiceProvider->Illuminate\\Encryption\\{closure}(NULL)
#1 D:\\Codes and projects\\SystemProject(3-2,Quiz Website)\\QuizWebsite\\QuizWebsite\\vendor\\laravel\\framework\\src\\Illuminate\\Encryption\\EncryptionServiceProvider.php(81): tap(NULL, Object(Closure))
#2 D:\\Codes and projects\\SystemProject(3-2,Quiz Website)\\QuizWebsite\\QuizWebsite\\vendor\\laravel\\framework\\src\\Illuminate\\Encryption\\EncryptionServiceProvider.php(64): Illuminate\\Encryption\\EncryptionServiceProvider->key(Array)
#3 D:\\Codes and projects\\SystemProject(3-2,Quiz Website)\\QuizWebsite\\QuizWebsite\\vendor\\laravel\\framework\\src\\Illuminate\\Encryption\\EncryptionServiceProvider.php(32): Illuminate\\Encryption\\EncryptionServiceProvider->parseKey(Array)
#4 D:\\Codes and projects\\SystemProject(3-2,Quiz Website)\\QuizWebsite\\QuizWebsite\\vendor\\laravel\\framework\\src\\Illuminate\\Container\\Container.php(931): Illuminate\\Encryption\\EncryptionServiceProvider->Illuminate\\Encryption\\{closure}(Object(Illuminate\\Foundation\\Application), Array)
#5 D:\\Codes and projects\\SystemProject(3-2,Quiz Website)\\QuizWebsite\\QuizWebsite\\vendor\\laravel\\framework\\src\\Illuminate\\Container\\Container.php(815): Illuminate\\Container\\Container->build(Object(Closure))
#6 D:\\Codes and projects\\SystemProject(3-2,Quiz Website)\\QuizWebsite\\QuizWebsite\\vendor\\laravel\\framework\\src\\Illuminate\\Foundation\\Application.php(1048): Illuminate\\Container\\Container->resolve('encrypter', Array, true)
#7 D:\\Codes and projects\\SystemProject(3-2,Quiz Website)\\QuizWebsite\\QuizWebsite\\vendor\\laravel\\framework\\src\\Illuminate\\Container\\Container.php(751): Illuminate\\Foundation\\Application->resolve('encrypter', Array)
#8 D:\\Codes and projects\\SystemProject(3-2,Quiz Website)\\QuizWebsite\\QuizWebsite\\vendor\\laravel\\framework\\src\\Illuminate\\Foundation\\Application.php(1030): Illuminate\\Container\\Container->make('encrypter', Array)
#9 D:\\Codes and projects\\SystemProject(3-2,Quiz Website)\\QuizWebsite\\QuizWebsite\\vendor\\laravel\\framework\\src\\Illuminate\\Container\\Container.php(1112): Illuminate\\Foundation\\Application->make('encrypter')
#10 D:\\Codes and projects\\SystemProject(3-2,Quiz Website)\\QuizWebsite\\QuizWebsite\\vendor\\laravel\\framework\\src\\Illuminate\\Container\\Container.php(1022): Illuminate\\Container\\Container->resolveClass(Object(ReflectionParameter))
#11 D:\\Codes and projects\\SystemProject(3-2,Quiz Website)\\QuizWebsite\\QuizWebsite\\vendor\\laravel\\framework\\src\\Illuminate\\Container\\Container.php(973): Illuminate\\Container\\Container->resolveDependencies(Array)
#12 D:\\Codes and projects\\SystemProject(3-2,Quiz Website)\\QuizWebsite\\QuizWebsite\\vendor\\laravel\\framework\\src\\Illuminate\\Container\\Container.php(815): Illuminate\\Container\\Container->build('Illuminate\\\\Cook...')
#13 D:\\Codes and projects\\SystemProject(3-2,Quiz Website)\\QuizWebsite\\QuizWebsite\\vendor\\laravel\\framework\\src\\Illuminate\\Foundation\\Application.php(1048): Illuminate\\Container\\Container->resolve('Illuminate\\\\Cook...', Array, true)
#14 D:\\Codes and projects\\SystemProject(3-2,Quiz Website)\\QuizWebsite\\QuizWebsite\\vendor\\laravel\\framework\\src\\Illuminate\\Container\\Container.php(751): Illuminate\\Foundation\\Application->resolve('Illuminate\\\\Cook...', Array)
#15 D:\\Codes and projects\\SystemProject(3-2,Quiz Website)\\QuizWebsite\\QuizWebsite\\vendor\\laravel\\framework\\src\\Illuminate\\Foundation\\Application.php(1030): Illuminate\\Container\\Container->make('Illuminate\\\\Cook...', Array)
#16 D:\\Codes and projects\\SystemProject(3-2,Quiz Website)\\QuizWebsite\\QuizWebsite\\vendor\\laravel\\framework\\src\\Illuminate\\Foundation\\Http\\Kernel.php(258): Illuminate\\Foundation\\Application->make('Illuminate\\\\Cook...')
#17 D:\\Codes and projects\\SystemProject(3-2,Quiz Website)\\QuizWebsite\\QuizWebsite\\vendor\\laravel\\framework\\src\\Illuminate\\Foundation\\Http\\Kernel.php(216): Illuminate\\Foundation\\Http\\Kernel->terminateMiddleware(Object(Illuminate\\Http\\Request), Object(Illuminate\\Http\\Response))
#18 D:\\Codes and projects\\SystemProject(3-2,Quiz Website)\\QuizWebsite\\QuizWebsite\\vendor\\laravel\\framework\\src\\Illuminate\\Foundation\\Application.php(1192): Illuminate\\Foundation\\Http\\Kernel->terminate(Object(Illuminate\\Http\\Request), Object(Illuminate\\Http\\Response))
#19 D:\\Codes and projects\\SystemProject(3-2,Quiz Website)\\QuizWebsite\\QuizWebsite\\public\\index.php(17): Illuminate\\Foundation\\Application->handleRequest(Object(Illuminate\\Http\\Request))
#20 D:\\Codes and projects\\SystemProject(3-2,Quiz Website)\\QuizWebsite\\QuizWebsite\\vendor\\laravel\\framework\\src\\Illuminate\\Foundation\\resources\\server.php(23): require_once('D:\\\\Codes and pr...')
#21 {main}
"} 
[2025-01-01 16:47:12] production.ERROR: No application encryption key has been specified. {"exception":"[object] (Illuminate\\Encryption\\MissingAppKeyException(code: 0): No application encryption key has been specified. at D:\\Codes and projects\\SystemProject(3-2,Quiz Website)\\QuizWebsite\\QuizWebsite\\vendor\\laravel\\framework\\src\\Illuminate\\Encryption\\EncryptionServiceProvider.php:83)
[stacktrace]
#0 D:\\Codes and projects\\SystemProject(3-2,Quiz Website)\\QuizWebsite\\QuizWebsite\\vendor\\laravel\\framework\\src\\Illuminate\\Support\\helpers.php(380): Illuminate\\Encryption\\EncryptionServiceProvider->Illuminate\\Encryption\\{closure}(NULL)
#1 D:\\Codes and projects\\SystemProject(3-2,Quiz Website)\\QuizWebsite\\QuizWebsite\\vendor\\laravel\\framework\\src\\Illuminate\\Encryption\\EncryptionServiceProvider.php(81): tap(NULL, Object(Closure))
#2 D:\\Codes and projects\\SystemProject(3-2,Quiz Website)\\QuizWebsite\\QuizWebsite\\vendor\\laravel\\framework\\src\\Illuminate\\Encryption\\EncryptionServiceProvider.php(64): Illuminate\\Encryption\\EncryptionServiceProvider->key(Array)
#3 D:\\Codes and projects\\SystemProject(3-2,Quiz Website)\\QuizWebsite\\QuizWebsite\\vendor\\laravel\\framework\\src\\Illuminate\\Encryption\\EncryptionServiceProvider.php(32): Illuminate\\Encryption\\EncryptionServiceProvider->parseKey(Array)
#4 D:\\Codes and projects\\SystemProject(3-2,Quiz Website)\\QuizWebsite\\QuizWebsite\\vendor\\laravel\\framework\\src\\Illuminate\\Container\\Container.php(931): Illuminate\\Encryption\\EncryptionServiceProvider->Illuminate\\Encryption\\{closure}(Object(Illuminate\\Foundation\\Application), Array)
#5 D:\\Codes and projects\\SystemProject(3-2,Quiz Website)\\QuizWebsite\\QuizWebsite\\vendor\\laravel\\framework\\src\\Illuminate\\Container\\Container.php(815): Illuminate\\Container\\Container->build(Object(Closure))
#6 D:\\Codes and projects\\SystemProject(3-2,Quiz Website)\\QuizWebsite\\QuizWebsite\\vendor\\laravel\\framework\\src\\Illuminate\\Foundation\\Application.php(1048): Illuminate\\Container\\Container->resolve('encrypter', Array, true)
#7 D:\\Codes and projects\\SystemProject(3-2,Quiz Website)\\QuizWebsite\\QuizWebsite\\vendor\\laravel\\framework\\src\\Illuminate\\Container\\Container.php(751): Illuminate\\Foundation\\Application->resolve('encrypter', Array)
#8 D:\\Codes and projects\\SystemProject(3-2,Quiz Website)\\QuizWebsite\\QuizWebsite\\vendor\\laravel\\framework\\src\\Illuminate\\Foundation\\Application.php(1030): Illuminate\\Container\\Container->make('encrypter', Array)
#9 D:\\Codes and projects\\SystemProject(3-2,Quiz Website)\\QuizWebsite\\QuizWebsite\\vendor\\laravel\\framework\\src\\Illuminate\\Container\\Container.php(1112): Illuminate\\Foundation\\Application->make('encrypter')
#10 D:\\Codes and projects\\SystemProject(3-2,Quiz Website)\\QuizWebsite\\QuizWebsite\\vendor\\laravel\\framework\\src\\Illuminate\\Container\\Container.php(1022): Illuminate\\Container\\Container->resolveClass(Object(ReflectionParameter))
#11 D:\\Codes and projects\\SystemProject(3-2,Quiz Website)\\QuizWebsite\\QuizWebsite\\vendor\\laravel\\framework\\src\\Illuminate\\Container\\Container.php(973): Illuminate\\Container\\Container->resolveDependencies(Array)
#12 D:\\Codes and projects\\SystemProject(3-2,Quiz Website)\\QuizWebsite\\QuizWebsite\\vendor\\laravel\\framework\\src\\Illuminate\\Container\\Container.php(815): Illuminate\\Container\\Container->build('Illuminate\\\\Cook...')
#13 D:\\Codes and projects\\SystemProject(3-2,Quiz Website)\\QuizWebsite\\QuizWebsite\\vendor\\laravel\\framework\\src\\Illuminate\\Foundation\\Application.php(1048): Illuminate\\Container\\Container->resolve('Illuminate\\\\Cook...', Array, true)
#14 D:\\Codes and projects\\SystemProject(3-2,Quiz Website)\\QuizWebsite\\QuizWebsite\\vendor\\laravel\\framework\\src\\Illuminate\\Container\\Container.php(751): Illuminate\\Foundation\\Application->resolve('Illuminate\\\\Cook...', Array)
#15 D:\\Codes and projects\\SystemProject(3-2,Quiz Website)\\QuizWebsite\\QuizWebsite\\vendor\\laravel\\framework\\src\\Illuminate\\Foundation\\Application.php(1030): Illuminate\\Container\\Container->make('Illuminate\\\\Cook...', Array)
#16 D:\\Codes and projects\\SystemProject(3-2,Quiz Website)\\QuizWebsite\\QuizWebsite\\vendor\\laravel\\framework\\src\\Illuminate\\Pipeline\\Pipeline.php(172): Illuminate\\Foundation\\Application->make('Illuminate\\\\Cook...')
#17 D:\\Codes and projects\\SystemProject(3-2,Quiz Website)\\QuizWebsite\\QuizWebsite\\vendor\\laravel\\framework\\src\\Illuminate\\Pipeline\\Pipeline.php(119): Illuminate\\Pipeline\\Pipeline->Illuminate\\Pipeline\\{closure}(Object(Illuminate\\Http\\Request))
#18 D:\\Codes and projects\\SystemProject(3-2,Quiz Website)\\QuizWebsite\\QuizWebsite\\vendor\\laravel\\framework\\src\\Illuminate\\Routing\\Router.php(807): Illuminate\\Pipeline\\Pipeline->then(Object(Closure))
#19 D:\\Codes and projects\\SystemProject(3-2,Quiz Website)\\QuizWebsite\\QuizWebsite\\vendor\\laravel\\framework\\src\\Illuminate\\Routing\\Router.php(786): Illuminate\\Routing\\Router->runRouteWithinStack(Object(Illuminate\\Routing\\Route), Object(Illuminate\\Http\\Request))
#20 D:\\Codes and projects\\SystemProject(3-2,Quiz Website)\\QuizWebsite\\QuizWebsite\\vendor\\laravel\\framework\\src\\Illuminate\\Routing\\Router.php(750): Illuminate\\Routing\\Router->runRoute(Object(Illuminate\\Http\\Request), Object(Illuminate\\Routing\\Route))
#21 D:\\Codes and projects\\SystemProject(3-2,Quiz Website)\\QuizWebsite\\QuizWebsite\\vendor\\laravel\\framework\\src\\Illuminate\\Routing\\Router.php(739): Illuminate\\Routing\\Router->dispatchToRoute(Object(Illuminate\\Http\\Request))
#22 D:\\Codes and projects\\SystemProject(3-2,Quiz Website)\\QuizWebsite\\QuizWebsite\\vendor\\laravel\\framework\\src\\Illuminate\\Foundation\\Http\\Kernel.php(201): Illuminate\\Routing\\Router->dispatch(Object(Illuminate\\Http\\Request))
#23 D:\\Codes and projects\\SystemProject(3-2,Quiz Website)\\QuizWebsite\\QuizWebsite\\vendor\\laravel\\framework\\src\\Illuminate\\Pipeline\\Pipeline.php(144): Illuminate\\Foundation\\Http\\Kernel->Illuminate\\Foundation\\Http\\{closure}(Object(Illuminate\\Http\\Request))
#24 D:\\Codes and projects\\SystemProject(3-2,Quiz Website)\\QuizWebsite\\QuizWebsite\\vendor\\laravel\\framework\\src\\Illuminate\\Foundation\\Http\\Middleware\\TransformsRequest.php(21): Illuminate\\Pipeline\\Pipeline->Illuminate\\Pipeline\\{closure}(Object(Illuminate\\Http\\Request))
#25 D:\\Codes and projects\\SystemProject(3-2,Quiz Website)\\QuizWebsite\\QuizWebsite\\vendor\\laravel\\framework\\src\\Illuminate\\Foundation\\Http\\Middleware\\ConvertEmptyStringsToNull.php(31): Illuminate\\Foundation\\Http\\Middleware\\TransformsRequest->handle(Object(Illuminate\\Http\\Request), Object(Closure))
#26 D:\\Codes and projects\\SystemProject(3-2,Quiz Website)\\QuizWebsite\\QuizWebsite\\vendor\\laravel\\framework\\src\\Illuminate\\Pipeline\\Pipeline.php(183): Illuminate\\Foundation\\Http\\Middleware\\ConvertEmptyStringsToNull->handle(Object(Illuminate\\Http\\Request), Object(Closure))
#27 D:\\Codes and projects\\SystemProject(3-2,Quiz Website)\\QuizWebsite\\QuizWebsite\\vendor\\laravel\\framework\\src\\Illuminate\\Foundation\\Http\\Middleware\\TransformsRequest.php(21): Illuminate\\Pipeline\\Pipeline->Illuminate\\Pipeline\\{closure}(Object(Illuminate\\Http\\Request))
#28 D:\\Codes and projects\\SystemProject(3-2,Quiz Website)\\QuizWebsite\\QuizWebsite\\vendor\\laravel\\framework\\src\\Illuminate\\Foundation\\Http\\Middleware\\TrimStrings.php(51): Illuminate\\Foundation\\Http\\Middleware\\TransformsRequest->handle(Object(Illuminate\\Http\\Request), Object(Closure))
#29 D:\\Codes and projects\\SystemProject(3-2,Quiz Website)\\QuizWebsite\\QuizWebsite\\vendor\\laravel\\framework\\src\\Illuminate\\Pipeline\\Pipeline.php(183): Illuminate\\Foundation\\Http\\Middleware\\TrimStrings->handle(Object(Illuminate\\Http\\Request), Object(Closure))
#30 D:\\Codes and projects\\SystemProject(3-2,Quiz Website)\\QuizWebsite\\QuizWebsite\\vendor\\laravel\\framework\\src\\Illuminate\\Http\\Middleware\\ValidatePostSize.php(27): Illuminate\\Pipeline\\Pipeline->Illuminate\\Pipeline\\{closure}(Object(Illuminate\\Http\\Request))
#31 D:\\Codes and projects\\SystemProject(3-2,Quiz Website)\\QuizWebsite\\QuizWebsite\\vendor\\laravel\\framework\\src\\Illuminate\\Pipeline\\Pipeline.php(183): Illuminate\\Http\\Middleware\\ValidatePostSize->handle(Object(Illuminate\\Http\\Request), Object(Closure))
#32 D:\\Codes and projects\\SystemProject(3-2,Quiz Website)\\QuizWebsite\\QuizWebsite\\vendor\\laravel\\framework\\src\\Illuminate\\Foundation\\Http\\Middleware\\PreventRequestsDuringMaintenance.php(110): Illuminate\\Pipeline\\Pipeline->Illuminate\\Pipeline\\{closure}(Object(Illuminate\\Http\\Request))
#33 D:\\Codes and projects\\SystemProject(3-2,Quiz Website)\\QuizWebsite\\QuizWebsite\\vendor\\laravel\\framework\\src\\Illuminate\\Pipeline\\Pipeline.php(183): Illuminate\\Foundation\\Http\\Middleware\\PreventRequestsDuringMaintenance->handle(Object(Illuminate\\Http\\Request), Object(Closure))
#34 D:\\Codes and projects\\SystemProject(3-2,Quiz Website)\\QuizWebsite\\QuizWebsite\\vendor\\laravel\\framework\\src\\Illuminate\\Http\\Middleware\\HandleCors.php(49): Illuminate\\Pipeline\\Pipeline->Illuminate\\Pipeline\\{closure}(Object(Illuminate\\Http\\Request))
#35 D:\\Codes and projects\\SystemProject(3-2,Quiz Website)\\QuizWebsite\\QuizWebsite\\vendor\\laravel\\framework\\src\\Illuminate\\Pipeline\\Pipeline.php(183): Illuminate\\Http\\Middleware\\HandleCors->handle(Object(Illuminate\\Http\\Request), Object(Closure))
#36 D:\\Codes and projects\\SystemProject(3-2,Quiz Website)\\QuizWebsite\\QuizWebsite\\vendor\\laravel\\framework\\src\\Illuminate\\Http\\Middleware\\TrustProxies.php(58): Illuminate\\Pipeline\\Pipeline->Illuminate\\Pipeline\\{closure}(Object(Illuminate\\Http\\Request))
#37 D:\\Codes and projects\\SystemProject(3-2,Quiz Website)\\QuizWebsite\\QuizWebsite\\vendor\\laravel\\framework\\src\\Illuminate\\Pipeline\\Pipeline.php(183): Illuminate\\Http\\Middleware\\TrustProxies->handle(Object(Illuminate\\Http\\Request), Object(Closure))
#38 D:\\Codes and projects\\SystemProject(3-2,Quiz Website)\\QuizWebsite\\QuizWebsite\\vendor\\laravel\\framework\\src\\Illuminate\\Foundation\\Http\\Middleware\\InvokeDeferredCallbacks.php(22): Illuminate\\Pipeline\\Pipeline->Illuminate\\Pipeline\\{closure}(Object(Illuminate\\Http\\Request))
#39 D:\\Codes and projects\\SystemProject(3-2,Quiz Website)\\QuizWebsite\\QuizWebsite\\vendor\\laravel\\framework\\src\\Illuminate\\Pipeline\\Pipeline.php(183): Illuminate\\Foundation\\Http\\Middleware\\InvokeDeferredCallbacks->handle(Object(Illuminate\\Http\\Request), Object(Closure))
#40 D:\\Codes and projects\\SystemProject(3-2,Quiz Website)\\QuizWebsite\\QuizWebsite\\vendor\\laravel\\framework\\src\\Illuminate\\Pipeline\\Pipeline.php(119): Illuminate\\Pipeline\\Pipeline->Illuminate\\Pipeline\\{closure}(Object(Illuminate\\Http\\Request))
#41 D:\\Codes and projects\\SystemProject(3-2,Quiz Website)\\QuizWebsite\\QuizWebsite\\vendor\\laravel\\framework\\src\\Illuminate\\Foundation\\Http\\Kernel.php(176): Illuminate\\Pipeline\\Pipeline->then(Object(Closure))
#42 D:\\Codes and projects\\SystemProject(3-2,Quiz Website)\\QuizWebsite\\QuizWebsite\\vendor\\laravel\\framework\\src\\Illuminate\\Foundation\\Http\\Kernel.php(145): Illuminate\\Foundation\\Http\\Kernel->sendRequestThroughRouter(Object(Illuminate\\Http\\Request))
#43 D:\\Codes and projects\\SystemProject(3-2,Quiz Website)\\QuizWebsite\\QuizWebsite\\vendor\\laravel\\framework\\src\\Illuminate\\Foundation\\Application.php(1190): Illuminate\\Foundation\\Http\\Kernel->handle(Object(Illuminate\\Http\\Request))
#44 D:\\Codes and projects\\SystemProject(3-2,Quiz Website)\\QuizWebsite\\QuizWebsite\\public\\index.php(17): Illuminate\\Foundation\\Application->handleRequest(Object(Illuminate\\Http\\Request))
#45 D:\\Codes and projects\\SystemProject(3-2,Quiz Website)\\QuizWebsite\\QuizWebsite\\vendor\\laravel\\framework\\src\\Illuminate\\Foundation\\resources\\server.php(23): require_once('D:\\\\Codes and pr...')
#46 {main}
"} 
[2025-01-01 16:47:13] production.ERROR: No application encryption key has been specified. {"exception":"[object] (Illuminate\\Encryption\\MissingAppKeyException(code: 0): No application encryption key has been specified. at D:\\Codes and projects\\SystemProject(3-2,Quiz Website)\\QuizWebsite\\QuizWebsite\\vendor\\laravel\\framework\\src\\Illuminate\\Encryption\\EncryptionServiceProvider.php:83)
[stacktrace]
#0 D:\\Codes and projects\\SystemProject(3-2,Quiz Website)\\QuizWebsite\\QuizWebsite\\vendor\\laravel\\framework\\src\\Illuminate\\Support\\helpers.php(380): Illuminate\\Encryption\\EncryptionServiceProvider->Illuminate\\Encryption\\{closure}(NULL)
#1 D:\\Codes and projects\\SystemProject(3-2,Quiz Website)\\QuizWebsite\\QuizWebsite\\vendor\\laravel\\framework\\src\\Illuminate\\Encryption\\EncryptionServiceProvider.php(81): tap(NULL, Object(Closure))
#2 D:\\Codes and projects\\SystemProject(3-2,Quiz Website)\\QuizWebsite\\QuizWebsite\\vendor\\laravel\\framework\\src\\Illuminate\\Encryption\\EncryptionServiceProvider.php(64): Illuminate\\Encryption\\EncryptionServiceProvider->key(Array)
#3 D:\\Codes and projects\\SystemProject(3-2,Quiz Website)\\QuizWebsite\\QuizWebsite\\vendor\\laravel\\framework\\src\\Illuminate\\Encryption\\EncryptionServiceProvider.php(32): Illuminate\\Encryption\\EncryptionServiceProvider->parseKey(Array)
#4 D:\\Codes and projects\\SystemProject(3-2,Quiz Website)\\QuizWebsite\\QuizWebsite\\vendor\\laravel\\framework\\src\\Illuminate\\Container\\Container.php(931): Illuminate\\Encryption\\EncryptionServiceProvider->Illuminate\\Encryption\\{closure}(Object(Illuminate\\Foundation\\Application), Array)
#5 D:\\Codes and projects\\SystemProject(3-2,Quiz Website)\\QuizWebsite\\QuizWebsite\\vendor\\laravel\\framework\\src\\Illuminate\\Container\\Container.php(815): Illuminate\\Container\\Container->build(Object(Closure))
#6 D:\\Codes and projects\\SystemProject(3-2,Quiz Website)\\QuizWebsite\\QuizWebsite\\vendor\\laravel\\framework\\src\\Illuminate\\Foundation\\Application.php(1048): Illuminate\\Container\\Container->resolve('encrypter', Array, true)
#7 D:\\Codes and projects\\SystemProject(3-2,Quiz Website)\\QuizWebsite\\QuizWebsite\\vendor\\laravel\\framework\\src\\Illuminate\\Container\\Container.php(751): Illuminate\\Foundation\\Application->resolve('encrypter', Array)
#8 D:\\Codes and projects\\SystemProject(3-2,Quiz Website)\\QuizWebsite\\QuizWebsite\\vendor\\laravel\\framework\\src\\Illuminate\\Foundation\\Application.php(1030): Illuminate\\Container\\Container->make('encrypter', Array)
#9 D:\\Codes and projects\\SystemProject(3-2,Quiz Website)\\QuizWebsite\\QuizWebsite\\vendor\\laravel\\framework\\src\\Illuminate\\Container\\Container.php(1112): Illuminate\\Foundation\\Application->make('encrypter')
#10 D:\\Codes and projects\\SystemProject(3-2,Quiz Website)\\QuizWebsite\\QuizWebsite\\vendor\\laravel\\framework\\src\\Illuminate\\Container\\Container.php(1022): Illuminate\\Container\\Container->resolveClass(Object(ReflectionParameter))
#11 D:\\Codes and projects\\SystemProject(3-2,Quiz Website)\\QuizWebsite\\QuizWebsite\\vendor\\laravel\\framework\\src\\Illuminate\\Container\\Container.php(973): Illuminate\\Container\\Container->resolveDependencies(Array)
#12 D:\\Codes and projects\\SystemProject(3-2,Quiz Website)\\QuizWebsite\\QuizWebsite\\vendor\\laravel\\framework\\src\\Illuminate\\Container\\Container.php(815): Illuminate\\Container\\Container->build('Illuminate\\\\Cook...')
#13 D:\\Codes and projects\\SystemProject(3-2,Quiz Website)\\QuizWebsite\\QuizWebsite\\vendor\\laravel\\framework\\src\\Illuminate\\Foundation\\Application.php(1048): Illuminate\\Container\\Container->resolve('Illuminate\\\\Cook...', Array, true)
#14 D:\\Codes and projects\\SystemProject(3-2,Quiz Website)\\QuizWebsite\\QuizWebsite\\vendor\\laravel\\framework\\src\\Illuminate\\Container\\Container.php(751): Illuminate\\Foundation\\Application->resolve('Illuminate\\\\Cook...', Array)
#15 D:\\Codes and projects\\SystemProject(3-2,Quiz Website)\\QuizWebsite\\QuizWebsite\\vendor\\laravel\\framework\\src\\Illuminate\\Foundation\\Application.php(1030): Illuminate\\Container\\Container->make('Illuminate\\\\Cook...', Array)
#16 D:\\Codes and projects\\SystemProject(3-2,Quiz Website)\\QuizWebsite\\QuizWebsite\\vendor\\laravel\\framework\\src\\Illuminate\\Foundation\\Http\\Kernel.php(258): Illuminate\\Foundation\\Application->make('Illuminate\\\\Cook...')
#17 D:\\Codes and projects\\SystemProject(3-2,Quiz Website)\\QuizWebsite\\QuizWebsite\\vendor\\laravel\\framework\\src\\Illuminate\\Foundation\\Http\\Kernel.php(216): Illuminate\\Foundation\\Http\\Kernel->terminateMiddleware(Object(Illuminate\\Http\\Request), Object(Illuminate\\Http\\Response))
#18 D:\\Codes and projects\\SystemProject(3-2,Quiz Website)\\QuizWebsite\\QuizWebsite\\vendor\\laravel\\framework\\src\\Illuminate\\Foundation\\Application.php(1192): Illuminate\\Foundation\\Http\\Kernel->terminate(Object(Illuminate\\Http\\Request), Object(Illuminate\\Http\\Response))
#19 D:\\Codes and projects\\SystemProject(3-2,Quiz Website)\\QuizWebsite\\QuizWebsite\\public\\index.php(17): Illuminate\\Foundation\\Application->handleRequest(Object(Illuminate\\Http\\Request))
#20 D:\\Codes and projects\\SystemProject(3-2,Quiz Website)\\QuizWebsite\\QuizWebsite\\vendor\\laravel\\framework\\src\\Illuminate\\Foundation\\resources\\server.php(23): require_once('D:\\\\Codes and pr...')
#21 {main}
"} 
[2025-01-01 16:47:49] production.ERROR: No application encryption key has been specified. {"exception":"[object] (Illuminate\\Encryption\\MissingAppKeyException(code: 0): No application encryption key has been specified. at D:\\Codes and projects\\SystemProject(3-2,Quiz Website)\\QuizWebsite\\QuizWebsite\\vendor\\laravel\\framework\\src\\Illuminate\\Encryption\\EncryptionServiceProvider.php:83)
[stacktrace]
#0 D:\\Codes and projects\\SystemProject(3-2,Quiz Website)\\QuizWebsite\\QuizWebsite\\vendor\\laravel\\framework\\src\\Illuminate\\Support\\helpers.php(380): Illuminate\\Encryption\\EncryptionServiceProvider->Illuminate\\Encryption\\{closure}(NULL)
#1 D:\\Codes and projects\\SystemProject(3-2,Quiz Website)\\QuizWebsite\\QuizWebsite\\vendor\\laravel\\framework\\src\\Illuminate\\Encryption\\EncryptionServiceProvider.php(81): tap(NULL, Object(Closure))
#2 D:\\Codes and projects\\SystemProject(3-2,Quiz Website)\\QuizWebsite\\QuizWebsite\\vendor\\laravel\\framework\\src\\Illuminate\\Encryption\\EncryptionServiceProvider.php(64): Illuminate\\Encryption\\EncryptionServiceProvider->key(Array)
#3 D:\\Codes and projects\\SystemProject(3-2,Quiz Website)\\QuizWebsite\\QuizWebsite\\vendor\\laravel\\framework\\src\\Illuminate\\Encryption\\EncryptionServiceProvider.php(32): Illuminate\\Encryption\\EncryptionServiceProvider->parseKey(Array)
#4 D:\\Codes and projects\\SystemProject(3-2,Quiz Website)\\QuizWebsite\\QuizWebsite\\vendor\\laravel\\framework\\src\\Illuminate\\Container\\Container.php(931): Illuminate\\Encryption\\EncryptionServiceProvider->Illuminate\\Encryption\\{closure}(Object(Illuminate\\Foundation\\Application), Array)
#5 D:\\Codes and projects\\SystemProject(3-2,Quiz Website)\\QuizWebsite\\QuizWebsite\\vendor\\laravel\\framework\\src\\Illuminate\\Container\\Container.php(815): Illuminate\\Container\\Container->build(Object(Closure))
#6 D:\\Codes and projects\\SystemProject(3-2,Quiz Website)\\QuizWebsite\\QuizWebsite\\vendor\\laravel\\framework\\src\\Illuminate\\Foundation\\Application.php(1048): Illuminate\\Container\\Container->resolve('encrypter', Array, true)
#7 D:\\Codes and projects\\SystemProject(3-2,Quiz Website)\\QuizWebsite\\QuizWebsite\\vendor\\laravel\\framework\\src\\Illuminate\\Container\\Container.php(751): Illuminate\\Foundation\\Application->resolve('encrypter', Array)
#8 D:\\Codes and projects\\SystemProject(3-2,Quiz Website)\\QuizWebsite\\QuizWebsite\\vendor\\laravel\\framework\\src\\Illuminate\\Foundation\\Application.php(1030): Illuminate\\Container\\Container->make('encrypter', Array)
#9 D:\\Codes and projects\\SystemProject(3-2,Quiz Website)\\QuizWebsite\\QuizWebsite\\vendor\\laravel\\framework\\src\\Illuminate\\Container\\Container.php(1112): Illuminate\\Foundation\\Application->make('encrypter')
#10 D:\\Codes and projects\\SystemProject(3-2,Quiz Website)\\QuizWebsite\\QuizWebsite\\vendor\\laravel\\framework\\src\\Illuminate\\Container\\Container.php(1022): Illuminate\\Container\\Container->resolveClass(Object(ReflectionParameter))
#11 D:\\Codes and projects\\SystemProject(3-2,Quiz Website)\\QuizWebsite\\QuizWebsite\\vendor\\laravel\\framework\\src\\Illuminate\\Container\\Container.php(973): Illuminate\\Container\\Container->resolveDependencies(Array)
#12 D:\\Codes and projects\\SystemProject(3-2,Quiz Website)\\QuizWebsite\\QuizWebsite\\vendor\\laravel\\framework\\src\\Illuminate\\Container\\Container.php(815): Illuminate\\Container\\Container->build('Illuminate\\\\Cook...')
#13 D:\\Codes and projects\\SystemProject(3-2,Quiz Website)\\QuizWebsite\\QuizWebsite\\vendor\\laravel\\framework\\src\\Illuminate\\Foundation\\Application.php(1048): Illuminate\\Container\\Container->resolve('Illuminate\\\\Cook...', Array, true)
#14 D:\\Codes and projects\\SystemProject(3-2,Quiz Website)\\QuizWebsite\\QuizWebsite\\vendor\\laravel\\framework\\src\\Illuminate\\Container\\Container.php(751): Illuminate\\Foundation\\Application->resolve('Illuminate\\\\Cook...', Array)
#15 D:\\Codes and projects\\SystemProject(3-2,Quiz Website)\\QuizWebsite\\QuizWebsite\\vendor\\laravel\\framework\\src\\Illuminate\\Foundation\\Application.php(1030): Illuminate\\Container\\Container->make('Illuminate\\\\Cook...', Array)
#16 D:\\Codes and projects\\SystemProject(3-2,Quiz Website)\\QuizWebsite\\QuizWebsite\\vendor\\laravel\\framework\\src\\Illuminate\\Pipeline\\Pipeline.php(172): Illuminate\\Foundation\\Application->make('Illuminate\\\\Cook...')
#17 D:\\Codes and projects\\SystemProject(3-2,Quiz Website)\\QuizWebsite\\QuizWebsite\\vendor\\laravel\\framework\\src\\Illuminate\\Pipeline\\Pipeline.php(119): Illuminate\\Pipeline\\Pipeline->Illuminate\\Pipeline\\{closure}(Object(Illuminate\\Http\\Request))
#18 D:\\Codes and projects\\SystemProject(3-2,Quiz Website)\\QuizWebsite\\QuizWebsite\\vendor\\laravel\\framework\\src\\Illuminate\\Routing\\Router.php(807): Illuminate\\Pipeline\\Pipeline->then(Object(Closure))
#19 D:\\Codes and projects\\SystemProject(3-2,Quiz Website)\\QuizWebsite\\QuizWebsite\\vendor\\laravel\\framework\\src\\Illuminate\\Routing\\Router.php(786): Illuminate\\Routing\\Router->runRouteWithinStack(Object(Illuminate\\Routing\\Route), Object(Illuminate\\Http\\Request))
#20 D:\\Codes and projects\\SystemProject(3-2,Quiz Website)\\QuizWebsite\\QuizWebsite\\vendor\\laravel\\framework\\src\\Illuminate\\Routing\\Router.php(750): Illuminate\\Routing\\Router->runRoute(Object(Illuminate\\Http\\Request), Object(Illuminate\\Routing\\Route))
#21 D:\\Codes and projects\\SystemProject(3-2,Quiz Website)\\QuizWebsite\\QuizWebsite\\vendor\\laravel\\framework\\src\\Illuminate\\Routing\\Router.php(739): Illuminate\\Routing\\Router->dispatchToRoute(Object(Illuminate\\Http\\Request))
#22 D:\\Codes and projects\\SystemProject(3-2,Quiz Website)\\QuizWebsite\\QuizWebsite\\vendor\\laravel\\framework\\src\\Illuminate\\Foundation\\Http\\Kernel.php(201): Illuminate\\Routing\\Router->dispatch(Object(Illuminate\\Http\\Request))
#23 D:\\Codes and projects\\SystemProject(3-2,Quiz Website)\\QuizWebsite\\QuizWebsite\\vendor\\laravel\\framework\\src\\Illuminate\\Pipeline\\Pipeline.php(144): Illuminate\\Foundation\\Http\\Kernel->Illuminate\\Foundation\\Http\\{closure}(Object(Illuminate\\Http\\Request))
#24 D:\\Codes and projects\\SystemProject(3-2,Quiz Website)\\QuizWebsite\\QuizWebsite\\vendor\\laravel\\framework\\src\\Illuminate\\Foundation\\Http\\Middleware\\TransformsRequest.php(21): Illuminate\\Pipeline\\Pipeline->Illuminate\\Pipeline\\{closure}(Object(Illuminate\\Http\\Request))
#25 D:\\Codes and projects\\SystemProject(3-2,Quiz Website)\\QuizWebsite\\QuizWebsite\\vendor\\laravel\\framework\\src\\Illuminate\\Foundation\\Http\\Middleware\\ConvertEmptyStringsToNull.php(31): Illuminate\\Foundation\\Http\\Middleware\\TransformsRequest->handle(Object(Illuminate\\Http\\Request), Object(Closure))
#26 D:\\Codes and projects\\SystemProject(3-2,Quiz Website)\\QuizWebsite\\QuizWebsite\\vendor\\laravel\\framework\\src\\Illuminate\\Pipeline\\Pipeline.php(183): Illuminate\\Foundation\\Http\\Middleware\\ConvertEmptyStringsToNull->handle(Object(Illuminate\\Http\\Request), Object(Closure))
#27 D:\\Codes and projects\\SystemProject(3-2,Quiz Website)\\QuizWebsite\\QuizWebsite\\vendor\\laravel\\framework\\src\\Illuminate\\Foundation\\Http\\Middleware\\TransformsRequest.php(21): Illuminate\\Pipeline\\Pipeline->Illuminate\\Pipeline\\{closure}(Object(Illuminate\\Http\\Request))
#28 D:\\Codes and projects\\SystemProject(3-2,Quiz Website)\\QuizWebsite\\QuizWebsite\\vendor\\laravel\\framework\\src\\Illuminate\\Foundation\\Http\\Middleware\\TrimStrings.php(51): Illuminate\\Foundation\\Http\\Middleware\\TransformsRequest->handle(Object(Illuminate\\Http\\Request), Object(Closure))
#29 D:\\Codes and projects\\SystemProject(3-2,Quiz Website)\\QuizWebsite\\QuizWebsite\\vendor\\laravel\\framework\\src\\Illuminate\\Pipeline\\Pipeline.php(183): Illuminate\\Foundation\\Http\\Middleware\\TrimStrings->handle(Object(Illuminate\\Http\\Request), Object(Closure))
#30 D:\\Codes and projects\\SystemProject(3-2,Quiz Website)\\QuizWebsite\\QuizWebsite\\vendor\\laravel\\framework\\src\\Illuminate\\Http\\Middleware\\ValidatePostSize.php(27): Illuminate\\Pipeline\\Pipeline->Illuminate\\Pipeline\\{closure}(Object(Illuminate\\Http\\Request))
#31 D:\\Codes and projects\\SystemProject(3-2,Quiz Website)\\QuizWebsite\\QuizWebsite\\vendor\\laravel\\framework\\src\\Illuminate\\Pipeline\\Pipeline.php(183): Illuminate\\Http\\Middleware\\ValidatePostSize->handle(Object(Illuminate\\Http\\Request), Object(Closure))
#32 D:\\Codes and projects\\SystemProject(3-2,Quiz Website)\\QuizWebsite\\QuizWebsite\\vendor\\laravel\\framework\\src\\Illuminate\\Foundation\\Http\\Middleware\\PreventRequestsDuringMaintenance.php(110): Illuminate\\Pipeline\\Pipeline->Illuminate\\Pipeline\\{closure}(Object(Illuminate\\Http\\Request))
#33 D:\\Codes and projects\\SystemProject(3-2,Quiz Website)\\QuizWebsite\\QuizWebsite\\vendor\\laravel\\framework\\src\\Illuminate\\Pipeline\\Pipeline.php(183): Illuminate\\Foundation\\Http\\Middleware\\PreventRequestsDuringMaintenance->handle(Object(Illuminate\\Http\\Request), Object(Closure))
#34 D:\\Codes and projects\\SystemProject(3-2,Quiz Website)\\QuizWebsite\\QuizWebsite\\vendor\\laravel\\framework\\src\\Illuminate\\Http\\Middleware\\HandleCors.php(49): Illuminate\\Pipeline\\Pipeline->Illuminate\\Pipeline\\{closure}(Object(Illuminate\\Http\\Request))
#35 D:\\Codes and projects\\SystemProject(3-2,Quiz Website)\\QuizWebsite\\QuizWebsite\\vendor\\laravel\\framework\\src\\Illuminate\\Pipeline\\Pipeline.php(183): Illuminate\\Http\\Middleware\\HandleCors->handle(Object(Illuminate\\Http\\Request), Object(Closure))
#36 D:\\Codes and projects\\SystemProject(3-2,Quiz Website)\\QuizWebsite\\QuizWebsite\\vendor\\laravel\\framework\\src\\Illuminate\\Http\\Middleware\\TrustProxies.php(58): Illuminate\\Pipeline\\Pipeline->Illuminate\\Pipeline\\{closure}(Object(Illuminate\\Http\\Request))
#37 D:\\Codes and projects\\SystemProject(3-2,Quiz Website)\\QuizWebsite\\QuizWebsite\\vendor\\laravel\\framework\\src\\Illuminate\\Pipeline\\Pipeline.php(183): Illuminate\\Http\\Middleware\\TrustProxies->handle(Object(Illuminate\\Http\\Request), Object(Closure))
#38 D:\\Codes and projects\\SystemProject(3-2,Quiz Website)\\QuizWebsite\\QuizWebsite\\vendor\\laravel\\framework\\src\\Illuminate\\Foundation\\Http\\Middleware\\InvokeDeferredCallbacks.php(22): Illuminate\\Pipeline\\Pipeline->Illuminate\\Pipeline\\{closure}(Object(Illuminate\\Http\\Request))
#39 D:\\Codes and projects\\SystemProject(3-2,Quiz Website)\\QuizWebsite\\QuizWebsite\\vendor\\laravel\\framework\\src\\Illuminate\\Pipeline\\Pipeline.php(183): Illuminate\\Foundation\\Http\\Middleware\\InvokeDeferredCallbacks->handle(Object(Illuminate\\Http\\Request), Object(Closure))
#40 D:\\Codes and projects\\SystemProject(3-2,Quiz Website)\\QuizWebsite\\QuizWebsite\\vendor\\laravel\\framework\\src\\Illuminate\\Pipeline\\Pipeline.php(119): Illuminate\\Pipeline\\Pipeline->Illuminate\\Pipeline\\{closure}(Object(Illuminate\\Http\\Request))
#41 D:\\Codes and projects\\SystemProject(3-2,Quiz Website)\\QuizWebsite\\QuizWebsite\\vendor\\laravel\\framework\\src\\Illuminate\\Foundation\\Http\\Kernel.php(176): Illuminate\\Pipeline\\Pipeline->then(Object(Closure))
#42 D:\\Codes and projects\\SystemProject(3-2,Quiz Website)\\QuizWebsite\\QuizWebsite\\vendor\\laravel\\framework\\src\\Illuminate\\Foundation\\Http\\Kernel.php(145): Illuminate\\Foundation\\Http\\Kernel->sendRequestThroughRouter(Object(Illuminate\\Http\\Request))
#43 D:\\Codes and projects\\SystemProject(3-2,Quiz Website)\\QuizWebsite\\QuizWebsite\\vendor\\laravel\\framework\\src\\Illuminate\\Foundation\\Application.php(1190): Illuminate\\Foundation\\Http\\Kernel->handle(Object(Illuminate\\Http\\Request))
#44 D:\\Codes and projects\\SystemProject(3-2,Quiz Website)\\QuizWebsite\\QuizWebsite\\public\\index.php(17): Illuminate\\Foundation\\Application->handleRequest(Object(Illuminate\\Http\\Request))
#45 D:\\Codes and projects\\SystemProject(3-2,Quiz Website)\\QuizWebsite\\QuizWebsite\\vendor\\laravel\\framework\\src\\Illuminate\\Foundation\\resources\\server.php(23): require_once('D:\\\\Codes and pr...')
#46 {main}
"} 
[2025-01-01 16:47:49] production.ERROR: No application encryption key has been specified. {"exception":"[object] (Illuminate\\Encryption\\MissingAppKeyException(code: 0): No application encryption key has been specified. at D:\\Codes and projects\\SystemProject(3-2,Quiz Website)\\QuizWebsite\\QuizWebsite\\vendor\\laravel\\framework\\src\\Illuminate\\Encryption\\EncryptionServiceProvider.php:83)
[stacktrace]
#0 D:\\Codes and projects\\SystemProject(3-2,Quiz Website)\\QuizWebsite\\QuizWebsite\\vendor\\laravel\\framework\\src\\Illuminate\\Support\\helpers.php(380): Illuminate\\Encryption\\EncryptionServiceProvider->Illuminate\\Encryption\\{closure}(NULL)
#1 D:\\Codes and projects\\SystemProject(3-2,Quiz Website)\\QuizWebsite\\QuizWebsite\\vendor\\laravel\\framework\\src\\Illuminate\\Encryption\\EncryptionServiceProvider.php(81): tap(NULL, Object(Closure))
#2 D:\\Codes and projects\\SystemProject(3-2,Quiz Website)\\QuizWebsite\\QuizWebsite\\vendor\\laravel\\framework\\src\\Illuminate\\Encryption\\EncryptionServiceProvider.php(64): Illuminate\\Encryption\\EncryptionServiceProvider->key(Array)
#3 D:\\Codes and projects\\SystemProject(3-2,Quiz Website)\\QuizWebsite\\QuizWebsite\\vendor\\laravel\\framework\\src\\Illuminate\\Encryption\\EncryptionServiceProvider.php(32): Illuminate\\Encryption\\EncryptionServiceProvider->parseKey(Array)
#4 D:\\Codes and projects\\SystemProject(3-2,Quiz Website)\\QuizWebsite\\QuizWebsite\\vendor\\laravel\\framework\\src\\Illuminate\\Container\\Container.php(931): Illuminate\\Encryption\\EncryptionServiceProvider->Illuminate\\Encryption\\{closure}(Object(Illuminate\\Foundation\\Application), Array)
#5 D:\\Codes and projects\\SystemProject(3-2,Quiz Website)\\QuizWebsite\\QuizWebsite\\vendor\\laravel\\framework\\src\\Illuminate\\Container\\Container.php(815): Illuminate\\Container\\Container->build(Object(Closure))
#6 D:\\Codes and projects\\SystemProject(3-2,Quiz Website)\\QuizWebsite\\QuizWebsite\\vendor\\laravel\\framework\\src\\Illuminate\\Foundation\\Application.php(1048): Illuminate\\Container\\Container->resolve('encrypter', Array, true)
#7 D:\\Codes and projects\\SystemProject(3-2,Quiz Website)\\QuizWebsite\\QuizWebsite\\vendor\\laravel\\framework\\src\\Illuminate\\Container\\Container.php(751): Illuminate\\Foundation\\Application->resolve('encrypter', Array)
#8 D:\\Codes and projects\\SystemProject(3-2,Quiz Website)\\QuizWebsite\\QuizWebsite\\vendor\\laravel\\framework\\src\\Illuminate\\Foundation\\Application.php(1030): Illuminate\\Container\\Container->make('encrypter', Array)
#9 D:\\Codes and projects\\SystemProject(3-2,Quiz Website)\\QuizWebsite\\QuizWebsite\\vendor\\laravel\\framework\\src\\Illuminate\\Container\\Container.php(1112): Illuminate\\Foundation\\Application->make('encrypter')
#10 D:\\Codes and projects\\SystemProject(3-2,Quiz Website)\\QuizWebsite\\QuizWebsite\\vendor\\laravel\\framework\\src\\Illuminate\\Container\\Container.php(1022): Illuminate\\Container\\Container->resolveClass(Object(ReflectionParameter))
#11 D:\\Codes and projects\\SystemProject(3-2,Quiz Website)\\QuizWebsite\\QuizWebsite\\vendor\\laravel\\framework\\src\\Illuminate\\Container\\Container.php(973): Illuminate\\Container\\Container->resolveDependencies(Array)
#12 D:\\Codes and projects\\SystemProject(3-2,Quiz Website)\\QuizWebsite\\QuizWebsite\\vendor\\laravel\\framework\\src\\Illuminate\\Container\\Container.php(815): Illuminate\\Container\\Container->build('Illuminate\\\\Cook...')
#13 D:\\Codes and projects\\SystemProject(3-2,Quiz Website)\\QuizWebsite\\QuizWebsite\\vendor\\laravel\\framework\\src\\Illuminate\\Foundation\\Application.php(1048): Illuminate\\Container\\Container->resolve('Illuminate\\\\Cook...', Array, true)
#14 D:\\Codes and projects\\SystemProject(3-2,Quiz Website)\\QuizWebsite\\QuizWebsite\\vendor\\laravel\\framework\\src\\Illuminate\\Container\\Container.php(751): Illuminate\\Foundation\\Application->resolve('Illuminate\\\\Cook...', Array)
#15 D:\\Codes and projects\\SystemProject(3-2,Quiz Website)\\QuizWebsite\\QuizWebsite\\vendor\\laravel\\framework\\src\\Illuminate\\Foundation\\Application.php(1030): Illuminate\\Container\\Container->make('Illuminate\\\\Cook...', Array)
#16 D:\\Codes and projects\\SystemProject(3-2,Quiz Website)\\QuizWebsite\\QuizWebsite\\vendor\\laravel\\framework\\src\\Illuminate\\Foundation\\Http\\Kernel.php(258): Illuminate\\Foundation\\Application->make('Illuminate\\\\Cook...')
#17 D:\\Codes and projects\\SystemProject(3-2,Quiz Website)\\QuizWebsite\\QuizWebsite\\vendor\\laravel\\framework\\src\\Illuminate\\Foundation\\Http\\Kernel.php(216): Illuminate\\Foundation\\Http\\Kernel->terminateMiddleware(Object(Illuminate\\Http\\Request), Object(Illuminate\\Http\\Response))
#18 D:\\Codes and projects\\SystemProject(3-2,Quiz Website)\\QuizWebsite\\QuizWebsite\\vendor\\laravel\\framework\\src\\Illuminate\\Foundation\\Application.php(1192): Illuminate\\Foundation\\Http\\Kernel->terminate(Object(Illuminate\\Http\\Request), Object(Illuminate\\Http\\Response))
#19 D:\\Codes and projects\\SystemProject(3-2,Quiz Website)\\QuizWebsite\\QuizWebsite\\public\\index.php(17): Illuminate\\Foundation\\Application->handleRequest(Object(Illuminate\\Http\\Request))
#20 D:\\Codes and projects\\SystemProject(3-2,Quiz Website)\\QuizWebsite\\QuizWebsite\\vendor\\laravel\\framework\\src\\Illuminate\\Foundation\\resources\\server.php(23): require_once('D:\\\\Codes and pr...')
#21 {main}
"} 
[2025-01-01 16:48:26] production.ERROR: No application encryption key has been specified. {"exception":"[object] (Illuminate\\Encryption\\MissingAppKeyException(code: 0): No application encryption key has been specified. at D:\\Codes and projects\\SystemProject(3-2,Quiz Website)\\QuizWebsite\\QuizWebsite\\vendor\\laravel\\framework\\src\\Illuminate\\Encryption\\EncryptionServiceProvider.php:83)
[stacktrace]
#0 D:\\Codes and projects\\SystemProject(3-2,Quiz Website)\\QuizWebsite\\QuizWebsite\\vendor\\laravel\\framework\\src\\Illuminate\\Support\\helpers.php(380): Illuminate\\Encryption\\EncryptionServiceProvider->Illuminate\\Encryption\\{closure}(NULL)
#1 D:\\Codes and projects\\SystemProject(3-2,Quiz Website)\\QuizWebsite\\QuizWebsite\\vendor\\laravel\\framework\\src\\Illuminate\\Encryption\\EncryptionServiceProvider.php(81): tap(NULL, Object(Closure))
#2 D:\\Codes and projects\\SystemProject(3-2,Quiz Website)\\QuizWebsite\\QuizWebsite\\vendor\\laravel\\framework\\src\\Illuminate\\Encryption\\EncryptionServiceProvider.php(64): Illuminate\\Encryption\\EncryptionServiceProvider->key(Array)
#3 D:\\Codes and projects\\SystemProject(3-2,Quiz Website)\\QuizWebsite\\QuizWebsite\\vendor\\laravel\\framework\\src\\Illuminate\\Encryption\\EncryptionServiceProvider.php(32): Illuminate\\Encryption\\EncryptionServiceProvider->parseKey(Array)
#4 D:\\Codes and projects\\SystemProject(3-2,Quiz Website)\\QuizWebsite\\QuizWebsite\\vendor\\laravel\\framework\\src\\Illuminate\\Container\\Container.php(931): Illuminate\\Encryption\\EncryptionServiceProvider->Illuminate\\Encryption\\{closure}(Object(Illuminate\\Foundation\\Application), Array)
#5 D:\\Codes and projects\\SystemProject(3-2,Quiz Website)\\QuizWebsite\\QuizWebsite\\vendor\\laravel\\framework\\src\\Illuminate\\Container\\Container.php(815): Illuminate\\Container\\Container->build(Object(Closure))
#6 D:\\Codes and projects\\SystemProject(3-2,Quiz Website)\\QuizWebsite\\QuizWebsite\\vendor\\laravel\\framework\\src\\Illuminate\\Foundation\\Application.php(1048): Illuminate\\Container\\Container->resolve('encrypter', Array, true)
#7 D:\\Codes and projects\\SystemProject(3-2,Quiz Website)\\QuizWebsite\\QuizWebsite\\vendor\\laravel\\framework\\src\\Illuminate\\Container\\Container.php(751): Illuminate\\Foundation\\Application->resolve('encrypter', Array)
#8 D:\\Codes and projects\\SystemProject(3-2,Quiz Website)\\QuizWebsite\\QuizWebsite\\vendor\\laravel\\framework\\src\\Illuminate\\Foundation\\Application.php(1030): Illuminate\\Container\\Container->make('encrypter', Array)
#9 D:\\Codes and projects\\SystemProject(3-2,Quiz Website)\\QuizWebsite\\QuizWebsite\\vendor\\laravel\\framework\\src\\Illuminate\\Container\\Container.php(1112): Illuminate\\Foundation\\Application->make('encrypter')
#10 D:\\Codes and projects\\SystemProject(3-2,Quiz Website)\\QuizWebsite\\QuizWebsite\\vendor\\laravel\\framework\\src\\Illuminate\\Container\\Container.php(1022): Illuminate\\Container\\Container->resolveClass(Object(ReflectionParameter))
#11 D:\\Codes and projects\\SystemProject(3-2,Quiz Website)\\QuizWebsite\\QuizWebsite\\vendor\\laravel\\framework\\src\\Illuminate\\Container\\Container.php(973): Illuminate\\Container\\Container->resolveDependencies(Array)
#12 D:\\Codes and projects\\SystemProject(3-2,Quiz Website)\\QuizWebsite\\QuizWebsite\\vendor\\laravel\\framework\\src\\Illuminate\\Container\\Container.php(815): Illuminate\\Container\\Container->build('Illuminate\\\\Cook...')
#13 D:\\Codes and projects\\SystemProject(3-2,Quiz Website)\\QuizWebsite\\QuizWebsite\\vendor\\laravel\\framework\\src\\Illuminate\\Foundation\\Application.php(1048): Illuminate\\Container\\Container->resolve('Illuminate\\\\Cook...', Array, true)
#14 D:\\Codes and projects\\SystemProject(3-2,Quiz Website)\\QuizWebsite\\QuizWebsite\\vendor\\laravel\\framework\\src\\Illuminate\\Container\\Container.php(751): Illuminate\\Foundation\\Application->resolve('Illuminate\\\\Cook...', Array)
#15 D:\\Codes and projects\\SystemProject(3-2,Quiz Website)\\QuizWebsite\\QuizWebsite\\vendor\\laravel\\framework\\src\\Illuminate\\Foundation\\Application.php(1030): Illuminate\\Container\\Container->make('Illuminate\\\\Cook...', Array)
#16 D:\\Codes and projects\\SystemProject(3-2,Quiz Website)\\QuizWebsite\\QuizWebsite\\vendor\\laravel\\framework\\src\\Illuminate\\Pipeline\\Pipeline.php(172): Illuminate\\Foundation\\Application->make('Illuminate\\\\Cook...')
#17 D:\\Codes and projects\\SystemProject(3-2,Quiz Website)\\QuizWebsite\\QuizWebsite\\vendor\\laravel\\framework\\src\\Illuminate\\Pipeline\\Pipeline.php(119): Illuminate\\Pipeline\\Pipeline->Illuminate\\Pipeline\\{closure}(Object(Illuminate\\Http\\Request))
#18 D:\\Codes and projects\\SystemProject(3-2,Quiz Website)\\QuizWebsite\\QuizWebsite\\vendor\\laravel\\framework\\src\\Illuminate\\Routing\\Router.php(807): Illuminate\\Pipeline\\Pipeline->then(Object(Closure))
#19 D:\\Codes and projects\\SystemProject(3-2,Quiz Website)\\QuizWebsite\\QuizWebsite\\vendor\\laravel\\framework\\src\\Illuminate\\Routing\\Router.php(786): Illuminate\\Routing\\Router->runRouteWithinStack(Object(Illuminate\\Routing\\Route), Object(Illuminate\\Http\\Request))
#20 D:\\Codes and projects\\SystemProject(3-2,Quiz Website)\\QuizWebsite\\QuizWebsite\\vendor\\laravel\\framework\\src\\Illuminate\\Routing\\Router.php(750): Illuminate\\Routing\\Router->runRoute(Object(Illuminate\\Http\\Request), Object(Illuminate\\Routing\\Route))
#21 D:\\Codes and projects\\SystemProject(3-2,Quiz Website)\\QuizWebsite\\QuizWebsite\\vendor\\laravel\\framework\\src\\Illuminate\\Routing\\Router.php(739): Illuminate\\Routing\\Router->dispatchToRoute(Object(Illuminate\\Http\\Request))
#22 D:\\Codes and projects\\SystemProject(3-2,Quiz Website)\\QuizWebsite\\QuizWebsite\\vendor\\laravel\\framework\\src\\Illuminate\\Foundation\\Http\\Kernel.php(201): Illuminate\\Routing\\Router->dispatch(Object(Illuminate\\Http\\Request))
#23 D:\\Codes and projects\\SystemProject(3-2,Quiz Website)\\QuizWebsite\\QuizWebsite\\vendor\\laravel\\framework\\src\\Illuminate\\Pipeline\\Pipeline.php(144): Illuminate\\Foundation\\Http\\Kernel->Illuminate\\Foundation\\Http\\{closure}(Object(Illuminate\\Http\\Request))
#24 D:\\Codes and projects\\SystemProject(3-2,Quiz Website)\\QuizWebsite\\QuizWebsite\\vendor\\laravel\\framework\\src\\Illuminate\\Foundation\\Http\\Middleware\\TransformsRequest.php(21): Illuminate\\Pipeline\\Pipeline->Illuminate\\Pipeline\\{closure}(Object(Illuminate\\Http\\Request))
#25 D:\\Codes and projects\\SystemProject(3-2,Quiz Website)\\QuizWebsite\\QuizWebsite\\vendor\\laravel\\framework\\src\\Illuminate\\Foundation\\Http\\Middleware\\ConvertEmptyStringsToNull.php(31): Illuminate\\Foundation\\Http\\Middleware\\TransformsRequest->handle(Object(Illuminate\\Http\\Request), Object(Closure))
#26 D:\\Codes and projects\\SystemProject(3-2,Quiz Website)\\QuizWebsite\\QuizWebsite\\vendor\\laravel\\framework\\src\\Illuminate\\Pipeline\\Pipeline.php(183): Illuminate\\Foundation\\Http\\Middleware\\ConvertEmptyStringsToNull->handle(Object(Illuminate\\Http\\Request), Object(Closure))
#27 D:\\Codes and projects\\SystemProject(3-2,Quiz Website)\\QuizWebsite\\QuizWebsite\\vendor\\laravel\\framework\\src\\Illuminate\\Foundation\\Http\\Middleware\\TransformsRequest.php(21): Illuminate\\Pipeline\\Pipeline->Illuminate\\Pipeline\\{closure}(Object(Illuminate\\Http\\Request))
#28 D:\\Codes and projects\\SystemProject(3-2,Quiz Website)\\QuizWebsite\\QuizWebsite\\vendor\\laravel\\framework\\src\\Illuminate\\Foundation\\Http\\Middleware\\TrimStrings.php(51): Illuminate\\Foundation\\Http\\Middleware\\TransformsRequest->handle(Object(Illuminate\\Http\\Request), Object(Closure))
#29 D:\\Codes and projects\\SystemProject(3-2,Quiz Website)\\QuizWebsite\\QuizWebsite\\vendor\\laravel\\framework\\src\\Illuminate\\Pipeline\\Pipeline.php(183): Illuminate\\Foundation\\Http\\Middleware\\TrimStrings->handle(Object(Illuminate\\Http\\Request), Object(Closure))
#30 D:\\Codes and projects\\SystemProject(3-2,Quiz Website)\\QuizWebsite\\QuizWebsite\\vendor\\laravel\\framework\\src\\Illuminate\\Http\\Middleware\\ValidatePostSize.php(27): Illuminate\\Pipeline\\Pipeline->Illuminate\\Pipeline\\{closure}(Object(Illuminate\\Http\\Request))
#31 D:\\Codes and projects\\SystemProject(3-2,Quiz Website)\\QuizWebsite\\QuizWebsite\\vendor\\laravel\\framework\\src\\Illuminate\\Pipeline\\Pipeline.php(183): Illuminate\\Http\\Middleware\\ValidatePostSize->handle(Object(Illuminate\\Http\\Request), Object(Closure))
#32 D:\\Codes and projects\\SystemProject(3-2,Quiz Website)\\QuizWebsite\\QuizWebsite\\vendor\\laravel\\framework\\src\\Illuminate\\Foundation\\Http\\Middleware\\PreventRequestsDuringMaintenance.php(110): Illuminate\\Pipeline\\Pipeline->Illuminate\\Pipeline\\{closure}(Object(Illuminate\\Http\\Request))
#33 D:\\Codes and projects\\SystemProject(3-2,Quiz Website)\\QuizWebsite\\QuizWebsite\\vendor\\laravel\\framework\\src\\Illuminate\\Pipeline\\Pipeline.php(183): Illuminate\\Foundation\\Http\\Middleware\\PreventRequestsDuringMaintenance->handle(Object(Illuminate\\Http\\Request), Object(Closure))
#34 D:\\Codes and projects\\SystemProject(3-2,Quiz Website)\\QuizWebsite\\QuizWebsite\\vendor\\laravel\\framework\\src\\Illuminate\\Http\\Middleware\\HandleCors.php(49): Illuminate\\Pipeline\\Pipeline->Illuminate\\Pipeline\\{closure}(Object(Illuminate\\Http\\Request))
#35 D:\\Codes and projects\\SystemProject(3-2,Quiz Website)\\QuizWebsite\\QuizWebsite\\vendor\\laravel\\framework\\src\\Illuminate\\Pipeline\\Pipeline.php(183): Illuminate\\Http\\Middleware\\HandleCors->handle(Object(Illuminate\\Http\\Request), Object(Closure))
#36 D:\\Codes and projects\\SystemProject(3-2,Quiz Website)\\QuizWebsite\\QuizWebsite\\vendor\\laravel\\framework\\src\\Illuminate\\Http\\Middleware\\TrustProxies.php(58): Illuminate\\Pipeline\\Pipeline->Illuminate\\Pipeline\\{closure}(Object(Illuminate\\Http\\Request))
#37 D:\\Codes and projects\\SystemProject(3-2,Quiz Website)\\QuizWebsite\\QuizWebsite\\vendor\\laravel\\framework\\src\\Illuminate\\Pipeline\\Pipeline.php(183): Illuminate\\Http\\Middleware\\TrustProxies->handle(Object(Illuminate\\Http\\Request), Object(Closure))
#38 D:\\Codes and projects\\SystemProject(3-2,Quiz Website)\\QuizWebsite\\QuizWebsite\\vendor\\laravel\\framework\\src\\Illuminate\\Foundation\\Http\\Middleware\\InvokeDeferredCallbacks.php(22): Illuminate\\Pipeline\\Pipeline->Illuminate\\Pipeline\\{closure}(Object(Illuminate\\Http\\Request))
#39 D:\\Codes and projects\\SystemProject(3-2,Quiz Website)\\QuizWebsite\\QuizWebsite\\vendor\\laravel\\framework\\src\\Illuminate\\Pipeline\\Pipeline.php(183): Illuminate\\Foundation\\Http\\Middleware\\InvokeDeferredCallbacks->handle(Object(Illuminate\\Http\\Request), Object(Closure))
#40 D:\\Codes and projects\\SystemProject(3-2,Quiz Website)\\QuizWebsite\\QuizWebsite\\vendor\\laravel\\framework\\src\\Illuminate\\Pipeline\\Pipeline.php(119): Illuminate\\Pipeline\\Pipeline->Illuminate\\Pipeline\\{closure}(Object(Illuminate\\Http\\Request))
#41 D:\\Codes and projects\\SystemProject(3-2,Quiz Website)\\QuizWebsite\\QuizWebsite\\vendor\\laravel\\framework\\src\\Illuminate\\Foundation\\Http\\Kernel.php(176): Illuminate\\Pipeline\\Pipeline->then(Object(Closure))
#42 D:\\Codes and projects\\SystemProject(3-2,Quiz Website)\\QuizWebsite\\QuizWebsite\\vendor\\laravel\\framework\\src\\Illuminate\\Foundation\\Http\\Kernel.php(145): Illuminate\\Foundation\\Http\\Kernel->sendRequestThroughRouter(Object(Illuminate\\Http\\Request))
#43 D:\\Codes and projects\\SystemProject(3-2,Quiz Website)\\QuizWebsite\\QuizWebsite\\vendor\\laravel\\framework\\src\\Illuminate\\Foundation\\Application.php(1190): Illuminate\\Foundation\\Http\\Kernel->handle(Object(Illuminate\\Http\\Request))
#44 D:\\Codes and projects\\SystemProject(3-2,Quiz Website)\\QuizWebsite\\QuizWebsite\\public\\index.php(17): Illuminate\\Foundation\\Application->handleRequest(Object(Illuminate\\Http\\Request))
#45 D:\\Codes and projects\\SystemProject(3-2,Quiz Website)\\QuizWebsite\\QuizWebsite\\vendor\\laravel\\framework\\src\\Illuminate\\Foundation\\resources\\server.php(23): require_once('D:\\\\Codes and pr...')
#46 {main}
"} 
[2025-01-01 16:48:26] production.ERROR: No application encryption key has been specified. {"exception":"[object] (Illuminate\\Encryption\\MissingAppKeyException(code: 0): No application encryption key has been specified. at D:\\Codes and projects\\SystemProject(3-2,Quiz Website)\\QuizWebsite\\QuizWebsite\\vendor\\laravel\\framework\\src\\Illuminate\\Encryption\\EncryptionServiceProvider.php:83)
[stacktrace]
#0 D:\\Codes and projects\\SystemProject(3-2,Quiz Website)\\QuizWebsite\\QuizWebsite\\vendor\\laravel\\framework\\src\\Illuminate\\Support\\helpers.php(380): Illuminate\\Encryption\\EncryptionServiceProvider->Illuminate\\Encryption\\{closure}(NULL)
#1 D:\\Codes and projects\\SystemProject(3-2,Quiz Website)\\QuizWebsite\\QuizWebsite\\vendor\\laravel\\framework\\src\\Illuminate\\Encryption\\EncryptionServiceProvider.php(81): tap(NULL, Object(Closure))
#2 D:\\Codes and projects\\SystemProject(3-2,Quiz Website)\\QuizWebsite\\QuizWebsite\\vendor\\laravel\\framework\\src\\Illuminate\\Encryption\\EncryptionServiceProvider.php(64): Illuminate\\Encryption\\EncryptionServiceProvider->key(Array)
#3 D:\\Codes and projects\\SystemProject(3-2,Quiz Website)\\QuizWebsite\\QuizWebsite\\vendor\\laravel\\framework\\src\\Illuminate\\Encryption\\EncryptionServiceProvider.php(32): Illuminate\\Encryption\\EncryptionServiceProvider->parseKey(Array)
#4 D:\\Codes and projects\\SystemProject(3-2,Quiz Website)\\QuizWebsite\\QuizWebsite\\vendor\\laravel\\framework\\src\\Illuminate\\Container\\Container.php(931): Illuminate\\Encryption\\EncryptionServiceProvider->Illuminate\\Encryption\\{closure}(Object(Illuminate\\Foundation\\Application), Array)
#5 D:\\Codes and projects\\SystemProject(3-2,Quiz Website)\\QuizWebsite\\QuizWebsite\\vendor\\laravel\\framework\\src\\Illuminate\\Container\\Container.php(815): Illuminate\\Container\\Container->build(Object(Closure))
#6 D:\\Codes and projects\\SystemProject(3-2,Quiz Website)\\QuizWebsite\\QuizWebsite\\vendor\\laravel\\framework\\src\\Illuminate\\Foundation\\Application.php(1048): Illuminate\\Container\\Container->resolve('encrypter', Array, true)
#7 D:\\Codes and projects\\SystemProject(3-2,Quiz Website)\\QuizWebsite\\QuizWebsite\\vendor\\laravel\\framework\\src\\Illuminate\\Container\\Container.php(751): Illuminate\\Foundation\\Application->resolve('encrypter', Array)
#8 D:\\Codes and projects\\SystemProject(3-2,Quiz Website)\\QuizWebsite\\QuizWebsite\\vendor\\laravel\\framework\\src\\Illuminate\\Foundation\\Application.php(1030): Illuminate\\Container\\Container->make('encrypter', Array)
#9 D:\\Codes and projects\\SystemProject(3-2,Quiz Website)\\QuizWebsite\\QuizWebsite\\vendor\\laravel\\framework\\src\\Illuminate\\Container\\Container.php(1112): Illuminate\\Foundation\\Application->make('encrypter')
#10 D:\\Codes and projects\\SystemProject(3-2,Quiz Website)\\QuizWebsite\\QuizWebsite\\vendor\\laravel\\framework\\src\\Illuminate\\Container\\Container.php(1022): Illuminate\\Container\\Container->resolveClass(Object(ReflectionParameter))
#11 D:\\Codes and projects\\SystemProject(3-2,Quiz Website)\\QuizWebsite\\QuizWebsite\\vendor\\laravel\\framework\\src\\Illuminate\\Container\\Container.php(973): Illuminate\\Container\\Container->resolveDependencies(Array)
#12 D:\\Codes and projects\\SystemProject(3-2,Quiz Website)\\QuizWebsite\\QuizWebsite\\vendor\\laravel\\framework\\src\\Illuminate\\Container\\Container.php(815): Illuminate\\Container\\Container->build('Illuminate\\\\Cook...')
#13 D:\\Codes and projects\\SystemProject(3-2,Quiz Website)\\QuizWebsite\\QuizWebsite\\vendor\\laravel\\framework\\src\\Illuminate\\Foundation\\Application.php(1048): Illuminate\\Container\\Container->resolve('Illuminate\\\\Cook...', Array, true)
#14 D:\\Codes and projects\\SystemProject(3-2,Quiz Website)\\QuizWebsite\\QuizWebsite\\vendor\\laravel\\framework\\src\\Illuminate\\Container\\Container.php(751): Illuminate\\Foundation\\Application->resolve('Illuminate\\\\Cook...', Array)
#15 D:\\Codes and projects\\SystemProject(3-2,Quiz Website)\\QuizWebsite\\QuizWebsite\\vendor\\laravel\\framework\\src\\Illuminate\\Foundation\\Application.php(1030): Illuminate\\Container\\Container->make('Illuminate\\\\Cook...', Array)
#16 D:\\Codes and projects\\SystemProject(3-2,Quiz Website)\\QuizWebsite\\QuizWebsite\\vendor\\laravel\\framework\\src\\Illuminate\\Foundation\\Http\\Kernel.php(258): Illuminate\\Foundation\\Application->make('Illuminate\\\\Cook...')
#17 D:\\Codes and projects\\SystemProject(3-2,Quiz Website)\\QuizWebsite\\QuizWebsite\\vendor\\laravel\\framework\\src\\Illuminate\\Foundation\\Http\\Kernel.php(216): Illuminate\\Foundation\\Http\\Kernel->terminateMiddleware(Object(Illuminate\\Http\\Request), Object(Illuminate\\Http\\Response))
#18 D:\\Codes and projects\\SystemProject(3-2,Quiz Website)\\QuizWebsite\\QuizWebsite\\vendor\\laravel\\framework\\src\\Illuminate\\Foundation\\Application.php(1192): Illuminate\\Foundation\\Http\\Kernel->terminate(Object(Illuminate\\Http\\Request), Object(Illuminate\\Http\\Response))
#19 D:\\Codes and projects\\SystemProject(3-2,Quiz Website)\\QuizWebsite\\QuizWebsite\\public\\index.php(17): Illuminate\\Foundation\\Application->handleRequest(Object(Illuminate\\Http\\Request))
#20 D:\\Codes and projects\\SystemProject(3-2,Quiz Website)\\QuizWebsite\\QuizWebsite\\vendor\\laravel\\framework\\src\\Illuminate\\Foundation\\resources\\server.php(23): require_once('D:\\\\Codes and pr...')
#21 {main}
"} 
